<?xml version="1.0" encoding="UTF-8"?>
<testsuite xmlns:xsi="http://www.w3.org/2001/XMLSchema-instance" xsi:noNamespaceSchemaLocation="https://maven.apache.org/surefire/maven-surefire-plugin/xsd/surefire-test-report-3.0.xsd" version="3.0" name="com.larsan.cateringservicews.CateringServiceWsApplicationTests" time="21.42" tests="1" errors="1" skipped="0" failures="0">
  <properties>
    <property name="java.specification.version" value="21"/>
    <property name="sun.jnu.encoding" value="UTF-8"/>
    <property name="java.class.path" value="/Users/akhilganji/workspace/larsan-corp/catering-service-ws/target/test-classes:/Users/akhilganji/workspace/larsan-corp/catering-service-ws/target/classes:/Users/akhilganji/.m2/repository/org/springframework/boot/spring-boot-starter-data-jpa/3.2.1/spring-boot-starter-data-jpa-3.2.1.jar:/Users/akhilganji/.m2/repository/org/springframework/boot/spring-boot-starter-aop/3.2.1/spring-boot-starter-aop-3.2.1.jar:/Users/akhilganji/.m2/repository/org/springframework/spring-aop/6.1.2/spring-aop-6.1.2.jar:/Users/akhilganji/.m2/repository/org/aspectj/aspectjweaver/1.9.21/aspectjweaver-1.9.21.jar:/Users/akhilganji/.m2/repository/org/springframework/boot/spring-boot-starter-jdbc/3.2.1/spring-boot-starter-jdbc-3.2.1.jar:/Users/akhilganji/.m2/repository/com/zaxxer/HikariCP/5.0.1/HikariCP-5.0.1.jar:/Users/akhilganji/.m2/repository/org/springframework/spring-jdbc/6.1.2/spring-jdbc-6.1.2.jar:/Users/akhilganji/.m2/repository/org/hibernate/orm/hibernate-core/6.4.1.Final/hibernate-core-6.4.1.Final.jar:/Users/akhilganji/.m2/repository/jakarta/persistence/jakarta.persistence-api/3.1.0/jakarta.persistence-api-3.1.0.jar:/Users/akhilganji/.m2/repository/jakarta/transaction/jakarta.transaction-api/2.0.1/jakarta.transaction-api-2.0.1.jar:/Users/akhilganji/.m2/repository/org/jboss/logging/jboss-logging/3.5.3.Final/jboss-logging-3.5.3.Final.jar:/Users/akhilganji/.m2/repository/org/hibernate/common/hibernate-commons-annotations/6.0.6.Final/hibernate-commons-annotations-6.0.6.Final.jar:/Users/akhilganji/.m2/repository/io/smallrye/jandex/3.1.2/jandex-3.1.2.jar:/Users/akhilganji/.m2/repository/com/fasterxml/classmate/1.6.0/classmate-1.6.0.jar:/Users/akhilganji/.m2/repository/net/bytebuddy/byte-buddy/1.14.10/byte-buddy-1.14.10.jar:/Users/akhilganji/.m2/repository/org/glassfish/jaxb/jaxb-runtime/4.0.4/jaxb-runtime-4.0.4.jar:/Users/akhilganji/.m2/repository/org/glassfish/jaxb/jaxb-core/4.0.4/jaxb-core-4.0.4.jar:/Users/akhilganji/.m2/repository/org/eclipse/angus/angus-activation/2.0.1/angus-activation-2.0.1.jar:/Users/akhilganji/.m2/repository/org/glassfish/jaxb/txw2/4.0.4/txw2-4.0.4.jar:/Users/akhilganji/.m2/repository/com/sun/istack/istack-commons-runtime/4.1.2/istack-commons-runtime-4.1.2.jar:/Users/akhilganji/.m2/repository/jakarta/inject/jakarta.inject-api/2.0.1/jakarta.inject-api-2.0.1.jar:/Users/akhilganji/.m2/repository/org/antlr/antlr4-runtime/4.13.0/antlr4-runtime-4.13.0.jar:/Users/akhilganji/.m2/repository/org/springframework/data/spring-data-jpa/3.2.1/spring-data-jpa-3.2.1.jar:/Users/akhilganji/.m2/repository/org/springframework/data/spring-data-commons/3.2.1/spring-data-commons-3.2.1.jar:/Users/akhilganji/.m2/repository/org/springframework/spring-orm/6.1.2/spring-orm-6.1.2.jar:/Users/akhilganji/.m2/repository/org/springframework/spring-context/6.1.2/spring-context-6.1.2.jar:/Users/akhilganji/.m2/repository/org/springframework/spring-tx/6.1.2/spring-tx-6.1.2.jar:/Users/akhilganji/.m2/repository/org/springframework/spring-beans/6.1.2/spring-beans-6.1.2.jar:/Users/akhilganji/.m2/repository/org/slf4j/slf4j-api/2.0.9/slf4j-api-2.0.9.jar:/Users/akhilganji/.m2/repository/org/springframework/spring-aspects/6.1.2/spring-aspects-6.1.2.jar:/Users/akhilganji/.m2/repository/org/springframework/boot/spring-boot-starter/3.2.1/spring-boot-starter-3.2.1.jar:/Users/akhilganji/.m2/repository/org/springframework/boot/spring-boot/3.2.1/spring-boot-3.2.1.jar:/Users/akhilganji/.m2/repository/org/springframework/boot/spring-boot-autoconfigure/3.2.1/spring-boot-autoconfigure-3.2.1.jar:/Users/akhilganji/.m2/repository/org/springframework/boot/spring-boot-starter-logging/3.2.1/spring-boot-starter-logging-3.2.1.jar:/Users/akhilganji/.m2/repository/ch/qos/logback/logback-classic/1.4.14/logback-classic-1.4.14.jar:/Users/akhilganji/.m2/repository/ch/qos/logback/logback-core/1.4.14/logback-core-1.4.14.jar:/Users/akhilganji/.m2/repository/org/apache/logging/log4j/log4j-to-slf4j/2.21.1/log4j-to-slf4j-2.21.1.jar:/Users/akhilganji/.m2/repository/org/apache/logging/log4j/log4j-api/2.21.1/log4j-api-2.21.1.jar:/Users/akhilganji/.m2/repository/org/slf4j/jul-to-slf4j/2.0.9/jul-to-slf4j-2.0.9.jar:/Users/akhilganji/.m2/repository/jakarta/annotation/jakarta.annotation-api/2.1.1/jakarta.annotation-api-2.1.1.jar:/Users/akhilganji/.m2/repository/org/springframework/spring-core/6.1.2/spring-core-6.1.2.jar:/Users/akhilganji/.m2/repository/org/springframework/spring-jcl/6.1.2/spring-jcl-6.1.2.jar:/Users/akhilganji/.m2/repository/org/yaml/snakeyaml/2.2/snakeyaml-2.2.jar:/Users/akhilganji/.m2/repository/org/projectlombok/lombok/1.18.30/lombok-1.18.30.jar:/Users/akhilganji/.m2/repository/com/microsoft/sqlserver/mssql-jdbc/12.4.2.jre11/mssql-jdbc-12.4.2.jre11.jar:/Users/akhilganji/.m2/repository/com/azure/spring/spring-cloud-azure-starter/5.8.0/spring-cloud-azure-starter-5.8.0.jar:/Users/akhilganji/.m2/repository/com/azure/spring/spring-cloud-azure-autoconfigure/5.8.0/spring-cloud-azure-autoconfigure-5.8.0.jar:/Users/akhilganji/.m2/repository/com/azure/spring/spring-cloud-azure-service/5.8.0/spring-cloud-azure-service-5.8.0.jar:/Users/akhilganji/.m2/repository/com/azure/spring/spring-cloud-azure-core/5.8.0/spring-cloud-azure-core-5.8.0.jar:/Users/akhilganji/.m2/repository/com/azure/azure-identity/1.11.1/azure-identity-1.11.1.jar:/Users/akhilganji/.m2/repository/com/microsoft/azure/msal4j/1.14.0/msal4j-1.14.0.jar:/Users/akhilganji/.m2/repository/com/nimbusds/oauth2-oidc-sdk/10.7.1/oauth2-oidc-sdk-10.7.1.jar:/Users/akhilganji/.m2/repository/com/github/stephenc/jcip/jcip-annotations/1.0-1/jcip-annotations-1.0-1.jar:/Users/akhilganji/.m2/repository/com/nimbusds/content-type/2.2/content-type-2.2.jar:/Users/akhilganji/.m2/repository/com/nimbusds/lang-tag/1.7/lang-tag-1.7.jar:/Users/akhilganji/.m2/repository/com/nimbusds/nimbus-jose-jwt/9.30.2/nimbus-jose-jwt-9.30.2.jar:/Users/akhilganji/.m2/repository/com/microsoft/azure/msal4j-persistence-extension/1.2.0/msal4j-persistence-extension-1.2.0.jar:/Users/akhilganji/.m2/repository/net/java/dev/jna/jna/5.13.0/jna-5.13.0.jar:/Users/akhilganji/.m2/repository/net/java/dev/jna/jna-platform/5.6.0/jna-platform-5.6.0.jar:/Users/akhilganji/.m2/repository/com/azure/azure-core-amqp/2.8.14/azure-core-amqp-2.8.14.jar:/Users/akhilganji/.m2/repository/com/microsoft/azure/qpid-proton-j-extensions/1.2.4/qpid-proton-j-extensions-1.2.4.jar:/Users/akhilganji/.m2/repository/org/apache/qpid/proton-j/0.33.8/proton-j-0.33.8.jar:/Users/akhilganji/.m2/repository/com/azure/azure-core-management/1.11.9/azure-core-management-1.11.9.jar:/Users/akhilganji/.m2/repository/jakarta/validation/jakarta.validation-api/3.0.2/jakarta.validation-api-3.0.2.jar:/Users/akhilganji/.m2/repository/com/azure/spring/spring-cloud-azure-starter-keyvault/5.8.0/spring-cloud-azure-starter-keyvault-5.8.0.jar:/Users/akhilganji/.m2/repository/com/azure/spring/spring-cloud-azure-starter-keyvault-secrets/5.8.0/spring-cloud-azure-starter-keyvault-secrets-5.8.0.jar:/Users/akhilganji/.m2/repository/com/azure/azure-security-keyvault-secrets/4.7.3/azure-security-keyvault-secrets-4.7.3.jar:/Users/akhilganji/.m2/repository/com/azure/azure-core/1.45.1/azure-core-1.45.1.jar:/Users/akhilganji/.m2/repository/io/projectreactor/reactor-core/3.6.1/reactor-core-3.6.1.jar:/Users/akhilganji/.m2/repository/org/reactivestreams/reactive-streams/1.0.4/reactive-streams-1.0.4.jar:/Users/akhilganji/.m2/repository/com/azure/azure-json/1.1.0/azure-json-1.1.0.jar:/Users/akhilganji/.m2/repository/com/azure/azure-core-http-netty/1.13.11/azure-core-http-netty-1.13.11.jar:/Users/akhilganji/.m2/repository/io/netty/netty-handler/4.1.104.Final/netty-handler-4.1.104.Final.jar:/Users/akhilganji/.m2/repository/io/netty/netty-resolver/4.1.104.Final/netty-resolver-4.1.104.Final.jar:/Users/akhilganji/.m2/repository/io/netty/netty-transport/4.1.104.Final/netty-transport-4.1.104.Final.jar:/Users/akhilganji/.m2/repository/io/netty/netty-handler-proxy/4.1.104.Final/netty-handler-proxy-4.1.104.Final.jar:/Users/akhilganji/.m2/repository/io/netty/netty-codec-socks/4.1.104.Final/netty-codec-socks-4.1.104.Final.jar:/Users/akhilganji/.m2/repository/io/netty/netty-buffer/4.1.104.Final/netty-buffer-4.1.104.Final.jar:/Users/akhilganji/.m2/repository/io/netty/netty-codec/4.1.104.Final/netty-codec-4.1.104.Final.jar:/Users/akhilganji/.m2/repository/io/netty/netty-codec-http/4.1.104.Final/netty-codec-http-4.1.104.Final.jar:/Users/akhilganji/.m2/repository/io/netty/netty-codec-http2/4.1.104.Final/netty-codec-http2-4.1.104.Final.jar:/Users/akhilganji/.m2/repository/io/netty/netty-transport-native-unix-common/4.1.104.Final/netty-transport-native-unix-common-4.1.104.Final.jar:/Users/akhilganji/.m2/repository/io/netty/netty-transport-native-epoll/4.1.104.Final/netty-transport-native-epoll-4.1.104.Final-linux-x86_64.jar:/Users/akhilganji/.m2/repository/io/netty/netty-transport-classes-epoll/4.1.104.Final/netty-transport-classes-epoll-4.1.104.Final.jar:/Users/akhilganji/.m2/repository/io/netty/netty-transport-native-kqueue/4.1.104.Final/netty-transport-native-kqueue-4.1.104.Final-osx-x86_64.jar:/Users/akhilganji/.m2/repository/io/netty/netty-transport-classes-kqueue/4.1.104.Final/netty-transport-classes-kqueue-4.1.104.Final.jar:/Users/akhilganji/.m2/repository/io/netty/netty-tcnative-boringssl-static/2.0.61.Final/netty-tcnative-boringssl-static-2.0.61.Final.jar:/Users/akhilganji/.m2/repository/io/netty/netty-tcnative-classes/2.0.61.Final/netty-tcnative-classes-2.0.61.Final.jar:/Users/akhilganji/.m2/repository/io/netty/netty-tcnative-boringssl-static/2.0.61.Final/netty-tcnative-boringssl-static-2.0.61.Final-linux-x86_64.jar:/Users/akhilganji/.m2/repository/io/netty/netty-tcnative-boringssl-static/2.0.61.Final/netty-tcnative-boringssl-static-2.0.61.Final-linux-aarch_64.jar:/Users/akhilganji/.m2/repository/io/netty/netty-tcnative-boringssl-static/2.0.61.Final/netty-tcnative-boringssl-static-2.0.61.Final-osx-x86_64.jar:/Users/akhilganji/.m2/repository/io/netty/netty-tcnative-boringssl-static/2.0.61.Final/netty-tcnative-boringssl-static-2.0.61.Final-osx-aarch_64.jar:/Users/akhilganji/.m2/repository/io/netty/netty-tcnative-boringssl-static/2.0.61.Final/netty-tcnative-boringssl-static-2.0.61.Final-windows-x86_64.jar:/Users/akhilganji/.m2/repository/io/projectreactor/netty/reactor-netty-http/1.1.14/reactor-netty-http-1.1.14.jar:/Users/akhilganji/.m2/repository/io/netty/netty-resolver-dns/4.1.104.Final/netty-resolver-dns-4.1.104.Final.jar:/Users/akhilganji/.m2/repository/io/netty/netty-codec-dns/4.1.104.Final/netty-codec-dns-4.1.104.Final.jar:/Users/akhilganji/.m2/repository/io/netty/netty-resolver-dns-native-macos/4.1.104.Final/netty-resolver-dns-native-macos-4.1.104.Final-osx-x86_64.jar:/Users/akhilganji/.m2/repository/io/netty/netty-resolver-dns-classes-macos/4.1.104.Final/netty-resolver-dns-classes-macos-4.1.104.Final.jar:/Users/akhilganji/.m2/repository/io/projectreactor/netty/reactor-netty-core/1.1.14/reactor-netty-core-1.1.14.jar:/Users/akhilganji/.m2/repository/io/netty/netty-common/4.1.104.Final/netty-common-4.1.104.Final.jar:/Users/akhilganji/.m2/repository/com/azure/spring/spring-cloud-azure-starter-keyvault-certificates/5.8.0/spring-cloud-azure-starter-keyvault-certificates-5.8.0.jar:/Users/akhilganji/.m2/repository/com/azure/azure-security-keyvault-certificates/4.5.9/azure-security-keyvault-certificates-4.5.9.jar:/Users/akhilganji/.m2/repository/org/springframework/boot/spring-boot-starter-web/3.2.1/spring-boot-starter-web-3.2.1.jar:/Users/akhilganji/.m2/repository/org/springframework/boot/spring-boot-starter-json/3.2.1/spring-boot-starter-json-3.2.1.jar:/Users/akhilganji/.m2/repository/com/fasterxml/jackson/core/jackson-databind/2.15.3/jackson-databind-2.15.3.jar:/Users/akhilganji/.m2/repository/com/fasterxml/jackson/core/jackson-annotations/2.15.3/jackson-annotations-2.15.3.jar:/Users/akhilganji/.m2/repository/com/fasterxml/jackson/core/jackson-core/2.15.3/jackson-core-2.15.3.jar:/Users/akhilganji/.m2/repository/com/fasterxml/jackson/datatype/jackson-datatype-jdk8/2.15.3/jackson-datatype-jdk8-2.15.3.jar:/Users/akhilganji/.m2/repository/com/fasterxml/jackson/datatype/jackson-datatype-jsr310/2.15.3/jackson-datatype-jsr310-2.15.3.jar:/Users/akhilganji/.m2/repository/com/fasterxml/jackson/module/jackson-module-parameter-names/2.15.3/jackson-module-parameter-names-2.15.3.jar:/Users/akhilganji/.m2/repository/org/springframework/boot/spring-boot-starter-tomcat/3.2.1/spring-boot-starter-tomcat-3.2.1.jar:/Users/akhilganji/.m2/repository/org/apache/tomcat/embed/tomcat-embed-core/10.1.17/tomcat-embed-core-10.1.17.jar:/Users/akhilganji/.m2/repository/org/apache/tomcat/embed/tomcat-embed-el/10.1.17/tomcat-embed-el-10.1.17.jar:/Users/akhilganji/.m2/repository/org/apache/tomcat/embed/tomcat-embed-websocket/10.1.17/tomcat-embed-websocket-10.1.17.jar:/Users/akhilganji/.m2/repository/org/springframework/spring-web/6.1.2/spring-web-6.1.2.jar:/Users/akhilganji/.m2/repository/io/micrometer/micrometer-observation/1.12.1/micrometer-observation-1.12.1.jar:/Users/akhilganji/.m2/repository/io/micrometer/micrometer-commons/1.12.1/micrometer-commons-1.12.1.jar:/Users/akhilganji/.m2/repository/org/springframework/spring-webmvc/6.1.2/spring-webmvc-6.1.2.jar:/Users/akhilganji/.m2/repository/org/springframework/spring-expression/6.1.2/spring-expression-6.1.2.jar:/Users/akhilganji/.m2/repository/org/springframework/boot/spring-boot-starter-test/3.2.1/spring-boot-starter-test-3.2.1.jar:/Users/akhilganji/.m2/repository/org/springframework/boot/spring-boot-test/3.2.1/spring-boot-test-3.2.1.jar:/Users/akhilganji/.m2/repository/org/springframework/boot/spring-boot-test-autoconfigure/3.2.1/spring-boot-test-autoconfigure-3.2.1.jar:/Users/akhilganji/.m2/repository/com/jayway/jsonpath/json-path/2.8.0/json-path-2.8.0.jar:/Users/akhilganji/.m2/repository/jakarta/xml/bind/jakarta.xml.bind-api/4.0.1/jakarta.xml.bind-api-4.0.1.jar:/Users/akhilganji/.m2/repository/jakarta/activation/jakarta.activation-api/2.1.2/jakarta.activation-api-2.1.2.jar:/Users/akhilganji/.m2/repository/net/minidev/json-smart/2.5.0/json-smart-2.5.0.jar:/Users/akhilganji/.m2/repository/net/minidev/accessors-smart/2.5.0/accessors-smart-2.5.0.jar:/Users/akhilganji/.m2/repository/org/ow2/asm/asm/9.3/asm-9.3.jar:/Users/akhilganji/.m2/repository/org/assertj/assertj-core/3.24.2/assertj-core-3.24.2.jar:/Users/akhilganji/.m2/repository/org/awaitility/awaitility/4.2.0/awaitility-4.2.0.jar:/Users/akhilganji/.m2/repository/org/hamcrest/hamcrest/2.2/hamcrest-2.2.jar:/Users/akhilganji/.m2/repository/org/junit/jupiter/junit-jupiter/5.10.1/junit-jupiter-5.10.1.jar:/Users/akhilganji/.m2/repository/org/junit/jupiter/junit-jupiter-api/5.10.1/junit-jupiter-api-5.10.1.jar:/Users/akhilganji/.m2/repository/org/opentest4j/opentest4j/1.3.0/opentest4j-1.3.0.jar:/Users/akhilganji/.m2/repository/org/junit/platform/junit-platform-commons/1.10.1/junit-platform-commons-1.10.1.jar:/Users/akhilganji/.m2/repository/org/apiguardian/apiguardian-api/1.1.2/apiguardian-api-1.1.2.jar:/Users/akhilganji/.m2/repository/org/junit/jupiter/junit-jupiter-params/5.10.1/junit-jupiter-params-5.10.1.jar:/Users/akhilganji/.m2/repository/org/junit/jupiter/junit-jupiter-engine/5.10.1/junit-jupiter-engine-5.10.1.jar:/Users/akhilganji/.m2/repository/org/junit/platform/junit-platform-engine/1.10.1/junit-platform-engine-1.10.1.jar:/Users/akhilganji/.m2/repository/org/mockito/mockito-core/5.7.0/mockito-core-5.7.0.jar:/Users/akhilganji/.m2/repository/net/bytebuddy/byte-buddy-agent/1.14.10/byte-buddy-agent-1.14.10.jar:/Users/akhilganji/.m2/repository/org/objenesis/objenesis/3.3/objenesis-3.3.jar:/Users/akhilganji/.m2/repository/org/mockito/mockito-junit-jupiter/5.7.0/mockito-junit-jupiter-5.7.0.jar:/Users/akhilganji/.m2/repository/org/skyscreamer/jsonassert/1.5.1/jsonassert-1.5.1.jar:/Users/akhilganji/.m2/repository/com/vaadin/external/google/android-json/0.0.20131108.vaadin1/android-json-0.0.20131108.vaadin1.jar:/Users/akhilganji/.m2/repository/org/springframework/spring-test/6.1.2/spring-test-6.1.2.jar:/Users/akhilganji/.m2/repository/org/xmlunit/xmlunit-core/2.9.1/xmlunit-core-2.9.1.jar:"/>
    <property name="java.vm.vendor" value="Homebrew"/>
    <property name="sun.arch.data.model" value="64"/>
    <property name="java.vendor.url" value="https://github.com/Homebrew/homebrew-core/issues"/>
    <property name="user.timezone" value="America/Chicago"/>
    <property name="os.name" value="Mac OS X"/>
    <property name="java.vm.specification.version" value="21"/>
    <property name="sun.java.launcher" value="SUN_STANDARD"/>
    <property name="user.country" value="US"/>
    <property name="sun.boot.library.path" value="/opt/homebrew/Cellar/openjdk/21.0.1/libexec/openjdk.jdk/Contents/Home/lib"/>
    <property name="sun.java.command" value="/Users/akhilganji/workspace/larsan-corp/catering-service-ws/target/surefire/surefirebooter-20240203002141698_3.jar /Users/akhilganji/workspace/larsan-corp/catering-service-ws/target/surefire 2024-02-03T00-21-40_852-jvmRun1 surefire-20240203002141698_1tmp surefire_0-20240203002141698_2tmp"/>
    <property name="http.nonProxyHosts" value="local|*.local|169.254/16|*.169.254/16"/>
    <property name="jdk.debug" value="release"/>
    <property name="surefire.test.class.path" value="/Users/akhilganji/workspace/larsan-corp/catering-service-ws/target/test-classes:/Users/akhilganji/workspace/larsan-corp/catering-service-ws/target/classes:/Users/akhilganji/.m2/repository/org/springframework/boot/spring-boot-starter-data-jpa/3.2.1/spring-boot-starter-data-jpa-3.2.1.jar:/Users/akhilganji/.m2/repository/org/springframework/boot/spring-boot-starter-aop/3.2.1/spring-boot-starter-aop-3.2.1.jar:/Users/akhilganji/.m2/repository/org/springframework/spring-aop/6.1.2/spring-aop-6.1.2.jar:/Users/akhilganji/.m2/repository/org/aspectj/aspectjweaver/1.9.21/aspectjweaver-1.9.21.jar:/Users/akhilganji/.m2/repository/org/springframework/boot/spring-boot-starter-jdbc/3.2.1/spring-boot-starter-jdbc-3.2.1.jar:/Users/akhilganji/.m2/repository/com/zaxxer/HikariCP/5.0.1/HikariCP-5.0.1.jar:/Users/akhilganji/.m2/repository/org/springframework/spring-jdbc/6.1.2/spring-jdbc-6.1.2.jar:/Users/akhilganji/.m2/repository/org/hibernate/orm/hibernate-core/6.4.1.Final/hibernate-core-6.4.1.Final.jar:/Users/akhilganji/.m2/repository/jakarta/persistence/jakarta.persistence-api/3.1.0/jakarta.persistence-api-3.1.0.jar:/Users/akhilganji/.m2/repository/jakarta/transaction/jakarta.transaction-api/2.0.1/jakarta.transaction-api-2.0.1.jar:/Users/akhilganji/.m2/repository/org/jboss/logging/jboss-logging/3.5.3.Final/jboss-logging-3.5.3.Final.jar:/Users/akhilganji/.m2/repository/org/hibernate/common/hibernate-commons-annotations/6.0.6.Final/hibernate-commons-annotations-6.0.6.Final.jar:/Users/akhilganji/.m2/repository/io/smallrye/jandex/3.1.2/jandex-3.1.2.jar:/Users/akhilganji/.m2/repository/com/fasterxml/classmate/1.6.0/classmate-1.6.0.jar:/Users/akhilganji/.m2/repository/net/bytebuddy/byte-buddy/1.14.10/byte-buddy-1.14.10.jar:/Users/akhilganji/.m2/repository/org/glassfish/jaxb/jaxb-runtime/4.0.4/jaxb-runtime-4.0.4.jar:/Users/akhilganji/.m2/repository/org/glassfish/jaxb/jaxb-core/4.0.4/jaxb-core-4.0.4.jar:/Users/akhilganji/.m2/repository/org/eclipse/angus/angus-activation/2.0.1/angus-activation-2.0.1.jar:/Users/akhilganji/.m2/repository/org/glassfish/jaxb/txw2/4.0.4/txw2-4.0.4.jar:/Users/akhilganji/.m2/repository/com/sun/istack/istack-commons-runtime/4.1.2/istack-commons-runtime-4.1.2.jar:/Users/akhilganji/.m2/repository/jakarta/inject/jakarta.inject-api/2.0.1/jakarta.inject-api-2.0.1.jar:/Users/akhilganji/.m2/repository/org/antlr/antlr4-runtime/4.13.0/antlr4-runtime-4.13.0.jar:/Users/akhilganji/.m2/repository/org/springframework/data/spring-data-jpa/3.2.1/spring-data-jpa-3.2.1.jar:/Users/akhilganji/.m2/repository/org/springframework/data/spring-data-commons/3.2.1/spring-data-commons-3.2.1.jar:/Users/akhilganji/.m2/repository/org/springframework/spring-orm/6.1.2/spring-orm-6.1.2.jar:/Users/akhilganji/.m2/repository/org/springframework/spring-context/6.1.2/spring-context-6.1.2.jar:/Users/akhilganji/.m2/repository/org/springframework/spring-tx/6.1.2/spring-tx-6.1.2.jar:/Users/akhilganji/.m2/repository/org/springframework/spring-beans/6.1.2/spring-beans-6.1.2.jar:/Users/akhilganji/.m2/repository/org/slf4j/slf4j-api/2.0.9/slf4j-api-2.0.9.jar:/Users/akhilganji/.m2/repository/org/springframework/spring-aspects/6.1.2/spring-aspects-6.1.2.jar:/Users/akhilganji/.m2/repository/org/springframework/boot/spring-boot-starter/3.2.1/spring-boot-starter-3.2.1.jar:/Users/akhilganji/.m2/repository/org/springframework/boot/spring-boot/3.2.1/spring-boot-3.2.1.jar:/Users/akhilganji/.m2/repository/org/springframework/boot/spring-boot-autoconfigure/3.2.1/spring-boot-autoconfigure-3.2.1.jar:/Users/akhilganji/.m2/repository/org/springframework/boot/spring-boot-starter-logging/3.2.1/spring-boot-starter-logging-3.2.1.jar:/Users/akhilganji/.m2/repository/ch/qos/logback/logback-classic/1.4.14/logback-classic-1.4.14.jar:/Users/akhilganji/.m2/repository/ch/qos/logback/logback-core/1.4.14/logback-core-1.4.14.jar:/Users/akhilganji/.m2/repository/org/apache/logging/log4j/log4j-to-slf4j/2.21.1/log4j-to-slf4j-2.21.1.jar:/Users/akhilganji/.m2/repository/org/apache/logging/log4j/log4j-api/2.21.1/log4j-api-2.21.1.jar:/Users/akhilganji/.m2/repository/org/slf4j/jul-to-slf4j/2.0.9/jul-to-slf4j-2.0.9.jar:/Users/akhilganji/.m2/repository/jakarta/annotation/jakarta.annotation-api/2.1.1/jakarta.annotation-api-2.1.1.jar:/Users/akhilganji/.m2/repository/org/springframework/spring-core/6.1.2/spring-core-6.1.2.jar:/Users/akhilganji/.m2/repository/org/springframework/spring-jcl/6.1.2/spring-jcl-6.1.2.jar:/Users/akhilganji/.m2/repository/org/yaml/snakeyaml/2.2/snakeyaml-2.2.jar:/Users/akhilganji/.m2/repository/org/projectlombok/lombok/1.18.30/lombok-1.18.30.jar:/Users/akhilganji/.m2/repository/com/microsoft/sqlserver/mssql-jdbc/12.4.2.jre11/mssql-jdbc-12.4.2.jre11.jar:/Users/akhilganji/.m2/repository/com/azure/spring/spring-cloud-azure-starter/5.8.0/spring-cloud-azure-starter-5.8.0.jar:/Users/akhilganji/.m2/repository/com/azure/spring/spring-cloud-azure-autoconfigure/5.8.0/spring-cloud-azure-autoconfigure-5.8.0.jar:/Users/akhilganji/.m2/repository/com/azure/spring/spring-cloud-azure-service/5.8.0/spring-cloud-azure-service-5.8.0.jar:/Users/akhilganji/.m2/repository/com/azure/spring/spring-cloud-azure-core/5.8.0/spring-cloud-azure-core-5.8.0.jar:/Users/akhilganji/.m2/repository/com/azure/azure-identity/1.11.1/azure-identity-1.11.1.jar:/Users/akhilganji/.m2/repository/com/microsoft/azure/msal4j/1.14.0/msal4j-1.14.0.jar:/Users/akhilganji/.m2/repository/com/nimbusds/oauth2-oidc-sdk/10.7.1/oauth2-oidc-sdk-10.7.1.jar:/Users/akhilganji/.m2/repository/com/github/stephenc/jcip/jcip-annotations/1.0-1/jcip-annotations-1.0-1.jar:/Users/akhilganji/.m2/repository/com/nimbusds/content-type/2.2/content-type-2.2.jar:/Users/akhilganji/.m2/repository/com/nimbusds/lang-tag/1.7/lang-tag-1.7.jar:/Users/akhilganji/.m2/repository/com/nimbusds/nimbus-jose-jwt/9.30.2/nimbus-jose-jwt-9.30.2.jar:/Users/akhilganji/.m2/repository/com/microsoft/azure/msal4j-persistence-extension/1.2.0/msal4j-persistence-extension-1.2.0.jar:/Users/akhilganji/.m2/repository/net/java/dev/jna/jna/5.13.0/jna-5.13.0.jar:/Users/akhilganji/.m2/repository/net/java/dev/jna/jna-platform/5.6.0/jna-platform-5.6.0.jar:/Users/akhilganji/.m2/repository/com/azure/azure-core-amqp/2.8.14/azure-core-amqp-2.8.14.jar:/Users/akhilganji/.m2/repository/com/microsoft/azure/qpid-proton-j-extensions/1.2.4/qpid-proton-j-extensions-1.2.4.jar:/Users/akhilganji/.m2/repository/org/apache/qpid/proton-j/0.33.8/proton-j-0.33.8.jar:/Users/akhilganji/.m2/repository/com/azure/azure-core-management/1.11.9/azure-core-management-1.11.9.jar:/Users/akhilganji/.m2/repository/jakarta/validation/jakarta.validation-api/3.0.2/jakarta.validation-api-3.0.2.jar:/Users/akhilganji/.m2/repository/com/azure/spring/spring-cloud-azure-starter-keyvault/5.8.0/spring-cloud-azure-starter-keyvault-5.8.0.jar:/Users/akhilganji/.m2/repository/com/azure/spring/spring-cloud-azure-starter-keyvault-secrets/5.8.0/spring-cloud-azure-starter-keyvault-secrets-5.8.0.jar:/Users/akhilganji/.m2/repository/com/azure/azure-security-keyvault-secrets/4.7.3/azure-security-keyvault-secrets-4.7.3.jar:/Users/akhilganji/.m2/repository/com/azure/azure-core/1.45.1/azure-core-1.45.1.jar:/Users/akhilganji/.m2/repository/io/projectreactor/reactor-core/3.6.1/reactor-core-3.6.1.jar:/Users/akhilganji/.m2/repository/org/reactivestreams/reactive-streams/1.0.4/reactive-streams-1.0.4.jar:/Users/akhilganji/.m2/repository/com/azure/azure-json/1.1.0/azure-json-1.1.0.jar:/Users/akhilganji/.m2/repository/com/azure/azure-core-http-netty/1.13.11/azure-core-http-netty-1.13.11.jar:/Users/akhilganji/.m2/repository/io/netty/netty-handler/4.1.104.Final/netty-handler-4.1.104.Final.jar:/Users/akhilganji/.m2/repository/io/netty/netty-resolver/4.1.104.Final/netty-resolver-4.1.104.Final.jar:/Users/akhilganji/.m2/repository/io/netty/netty-transport/4.1.104.Final/netty-transport-4.1.104.Final.jar:/Users/akhilganji/.m2/repository/io/netty/netty-handler-proxy/4.1.104.Final/netty-handler-proxy-4.1.104.Final.jar:/Users/akhilganji/.m2/repository/io/netty/netty-codec-socks/4.1.104.Final/netty-codec-socks-4.1.104.Final.jar:/Users/akhilganji/.m2/repository/io/netty/netty-buffer/4.1.104.Final/netty-buffer-4.1.104.Final.jar:/Users/akhilganji/.m2/repository/io/netty/netty-codec/4.1.104.Final/netty-codec-4.1.104.Final.jar:/Users/akhilganji/.m2/repository/io/netty/netty-codec-http/4.1.104.Final/netty-codec-http-4.1.104.Final.jar:/Users/akhilganji/.m2/repository/io/netty/netty-codec-http2/4.1.104.Final/netty-codec-http2-4.1.104.Final.jar:/Users/akhilganji/.m2/repository/io/netty/netty-transport-native-unix-common/4.1.104.Final/netty-transport-native-unix-common-4.1.104.Final.jar:/Users/akhilganji/.m2/repository/io/netty/netty-transport-native-epoll/4.1.104.Final/netty-transport-native-epoll-4.1.104.Final-linux-x86_64.jar:/Users/akhilganji/.m2/repository/io/netty/netty-transport-classes-epoll/4.1.104.Final/netty-transport-classes-epoll-4.1.104.Final.jar:/Users/akhilganji/.m2/repository/io/netty/netty-transport-native-kqueue/4.1.104.Final/netty-transport-native-kqueue-4.1.104.Final-osx-x86_64.jar:/Users/akhilganji/.m2/repository/io/netty/netty-transport-classes-kqueue/4.1.104.Final/netty-transport-classes-kqueue-4.1.104.Final.jar:/Users/akhilganji/.m2/repository/io/netty/netty-tcnative-boringssl-static/2.0.61.Final/netty-tcnative-boringssl-static-2.0.61.Final.jar:/Users/akhilganji/.m2/repository/io/netty/netty-tcnative-classes/2.0.61.Final/netty-tcnative-classes-2.0.61.Final.jar:/Users/akhilganji/.m2/repository/io/netty/netty-tcnative-boringssl-static/2.0.61.Final/netty-tcnative-boringssl-static-2.0.61.Final-linux-x86_64.jar:/Users/akhilganji/.m2/repository/io/netty/netty-tcnative-boringssl-static/2.0.61.Final/netty-tcnative-boringssl-static-2.0.61.Final-linux-aarch_64.jar:/Users/akhilganji/.m2/repository/io/netty/netty-tcnative-boringssl-static/2.0.61.Final/netty-tcnative-boringssl-static-2.0.61.Final-osx-x86_64.jar:/Users/akhilganji/.m2/repository/io/netty/netty-tcnative-boringssl-static/2.0.61.Final/netty-tcnative-boringssl-static-2.0.61.Final-osx-aarch_64.jar:/Users/akhilganji/.m2/repository/io/netty/netty-tcnative-boringssl-static/2.0.61.Final/netty-tcnative-boringssl-static-2.0.61.Final-windows-x86_64.jar:/Users/akhilganji/.m2/repository/io/projectreactor/netty/reactor-netty-http/1.1.14/reactor-netty-http-1.1.14.jar:/Users/akhilganji/.m2/repository/io/netty/netty-resolver-dns/4.1.104.Final/netty-resolver-dns-4.1.104.Final.jar:/Users/akhilganji/.m2/repository/io/netty/netty-codec-dns/4.1.104.Final/netty-codec-dns-4.1.104.Final.jar:/Users/akhilganji/.m2/repository/io/netty/netty-resolver-dns-native-macos/4.1.104.Final/netty-resolver-dns-native-macos-4.1.104.Final-osx-x86_64.jar:/Users/akhilganji/.m2/repository/io/netty/netty-resolver-dns-classes-macos/4.1.104.Final/netty-resolver-dns-classes-macos-4.1.104.Final.jar:/Users/akhilganji/.m2/repository/io/projectreactor/netty/reactor-netty-core/1.1.14/reactor-netty-core-1.1.14.jar:/Users/akhilganji/.m2/repository/io/netty/netty-common/4.1.104.Final/netty-common-4.1.104.Final.jar:/Users/akhilganji/.m2/repository/com/azure/spring/spring-cloud-azure-starter-keyvault-certificates/5.8.0/spring-cloud-azure-starter-keyvault-certificates-5.8.0.jar:/Users/akhilganji/.m2/repository/com/azure/azure-security-keyvault-certificates/4.5.9/azure-security-keyvault-certificates-4.5.9.jar:/Users/akhilganji/.m2/repository/org/springframework/boot/spring-boot-starter-web/3.2.1/spring-boot-starter-web-3.2.1.jar:/Users/akhilganji/.m2/repository/org/springframework/boot/spring-boot-starter-json/3.2.1/spring-boot-starter-json-3.2.1.jar:/Users/akhilganji/.m2/repository/com/fasterxml/jackson/core/jackson-databind/2.15.3/jackson-databind-2.15.3.jar:/Users/akhilganji/.m2/repository/com/fasterxml/jackson/core/jackson-annotations/2.15.3/jackson-annotations-2.15.3.jar:/Users/akhilganji/.m2/repository/com/fasterxml/jackson/core/jackson-core/2.15.3/jackson-core-2.15.3.jar:/Users/akhilganji/.m2/repository/com/fasterxml/jackson/datatype/jackson-datatype-jdk8/2.15.3/jackson-datatype-jdk8-2.15.3.jar:/Users/akhilganji/.m2/repository/com/fasterxml/jackson/datatype/jackson-datatype-jsr310/2.15.3/jackson-datatype-jsr310-2.15.3.jar:/Users/akhilganji/.m2/repository/com/fasterxml/jackson/module/jackson-module-parameter-names/2.15.3/jackson-module-parameter-names-2.15.3.jar:/Users/akhilganji/.m2/repository/org/springframework/boot/spring-boot-starter-tomcat/3.2.1/spring-boot-starter-tomcat-3.2.1.jar:/Users/akhilganji/.m2/repository/org/apache/tomcat/embed/tomcat-embed-core/10.1.17/tomcat-embed-core-10.1.17.jar:/Users/akhilganji/.m2/repository/org/apache/tomcat/embed/tomcat-embed-el/10.1.17/tomcat-embed-el-10.1.17.jar:/Users/akhilganji/.m2/repository/org/apache/tomcat/embed/tomcat-embed-websocket/10.1.17/tomcat-embed-websocket-10.1.17.jar:/Users/akhilganji/.m2/repository/org/springframework/spring-web/6.1.2/spring-web-6.1.2.jar:/Users/akhilganji/.m2/repository/io/micrometer/micrometer-observation/1.12.1/micrometer-observation-1.12.1.jar:/Users/akhilganji/.m2/repository/io/micrometer/micrometer-commons/1.12.1/micrometer-commons-1.12.1.jar:/Users/akhilganji/.m2/repository/org/springframework/spring-webmvc/6.1.2/spring-webmvc-6.1.2.jar:/Users/akhilganji/.m2/repository/org/springframework/spring-expression/6.1.2/spring-expression-6.1.2.jar:/Users/akhilganji/.m2/repository/org/springframework/boot/spring-boot-starter-test/3.2.1/spring-boot-starter-test-3.2.1.jar:/Users/akhilganji/.m2/repository/org/springframework/boot/spring-boot-test/3.2.1/spring-boot-test-3.2.1.jar:/Users/akhilganji/.m2/repository/org/springframework/boot/spring-boot-test-autoconfigure/3.2.1/spring-boot-test-autoconfigure-3.2.1.jar:/Users/akhilganji/.m2/repository/com/jayway/jsonpath/json-path/2.8.0/json-path-2.8.0.jar:/Users/akhilganji/.m2/repository/jakarta/xml/bind/jakarta.xml.bind-api/4.0.1/jakarta.xml.bind-api-4.0.1.jar:/Users/akhilganji/.m2/repository/jakarta/activation/jakarta.activation-api/2.1.2/jakarta.activation-api-2.1.2.jar:/Users/akhilganji/.m2/repository/net/minidev/json-smart/2.5.0/json-smart-2.5.0.jar:/Users/akhilganji/.m2/repository/net/minidev/accessors-smart/2.5.0/accessors-smart-2.5.0.jar:/Users/akhilganji/.m2/repository/org/ow2/asm/asm/9.3/asm-9.3.jar:/Users/akhilganji/.m2/repository/org/assertj/assertj-core/3.24.2/assertj-core-3.24.2.jar:/Users/akhilganji/.m2/repository/org/awaitility/awaitility/4.2.0/awaitility-4.2.0.jar:/Users/akhilganji/.m2/repository/org/hamcrest/hamcrest/2.2/hamcrest-2.2.jar:/Users/akhilganji/.m2/repository/org/junit/jupiter/junit-jupiter/5.10.1/junit-jupiter-5.10.1.jar:/Users/akhilganji/.m2/repository/org/junit/jupiter/junit-jupiter-api/5.10.1/junit-jupiter-api-5.10.1.jar:/Users/akhilganji/.m2/repository/org/opentest4j/opentest4j/1.3.0/opentest4j-1.3.0.jar:/Users/akhilganji/.m2/repository/org/junit/platform/junit-platform-commons/1.10.1/junit-platform-commons-1.10.1.jar:/Users/akhilganji/.m2/repository/org/apiguardian/apiguardian-api/1.1.2/apiguardian-api-1.1.2.jar:/Users/akhilganji/.m2/repository/org/junit/jupiter/junit-jupiter-params/5.10.1/junit-jupiter-params-5.10.1.jar:/Users/akhilganji/.m2/repository/org/junit/jupiter/junit-jupiter-engine/5.10.1/junit-jupiter-engine-5.10.1.jar:/Users/akhilganji/.m2/repository/org/junit/platform/junit-platform-engine/1.10.1/junit-platform-engine-1.10.1.jar:/Users/akhilganji/.m2/repository/org/mockito/mockito-core/5.7.0/mockito-core-5.7.0.jar:/Users/akhilganji/.m2/repository/net/bytebuddy/byte-buddy-agent/1.14.10/byte-buddy-agent-1.14.10.jar:/Users/akhilganji/.m2/repository/org/objenesis/objenesis/3.3/objenesis-3.3.jar:/Users/akhilganji/.m2/repository/org/mockito/mockito-junit-jupiter/5.7.0/mockito-junit-jupiter-5.7.0.jar:/Users/akhilganji/.m2/repository/org/skyscreamer/jsonassert/1.5.1/jsonassert-1.5.1.jar:/Users/akhilganji/.m2/repository/com/vaadin/external/google/android-json/0.0.20131108.vaadin1/android-json-0.0.20131108.vaadin1.jar:/Users/akhilganji/.m2/repository/org/springframework/spring-test/6.1.2/spring-test-6.1.2.jar:/Users/akhilganji/.m2/repository/org/xmlunit/xmlunit-core/2.9.1/xmlunit-core-2.9.1.jar:"/>
    <property name="sun.cpu.endian" value="little"/>
    <property name="user.home" value="/Users/akhilganji"/>
    <property name="user.language" value="en"/>
    <property name="java.specification.vendor" value="Oracle Corporation"/>
    <property name="java.version.date" value="2023-10-17"/>
    <property name="java.home" value="/opt/homebrew/Cellar/openjdk/21.0.1/libexec/openjdk.jdk/Contents/Home"/>
    <property name="file.separator" value="/"/>
    <property name="basedir" value="/Users/akhilganji/workspace/larsan-corp/catering-service-ws"/>
    <property name="java.vm.compressedOopsMode" value="Zero based"/>
    <property name="line.separator" value="&#10;"/>
    <property name="java.vm.specification.vendor" value="Oracle Corporation"/>
    <property name="java.specification.name" value="Java Platform API Specification"/>
    <property name="java.awt.headless" value="true"/>
    <property name="apple.awt.application.name" value="ForkedBooter"/>
    <property name="surefire.real.class.path" value="/Users/akhilganji/workspace/larsan-corp/catering-service-ws/target/surefire/surefirebooter-20240203002141698_3.jar"/>
    <property name="sun.management.compiler" value="HotSpot 64-Bit Tiered Compilers"/>
    <property name="ftp.nonProxyHosts" value="local|*.local|169.254/16|*.169.254/16"/>
    <property name="java.runtime.version" value="21.0.1"/>
    <property name="user.name" value="akhilganji"/>
    <property name="stdout.encoding" value="UTF-8"/>
    <property name="path.separator" value=":"/>
    <property name="os.version" value="14.1.2"/>
    <property name="java.runtime.name" value="OpenJDK Runtime Environment"/>
    <property name="file.encoding" value="UTF-8"/>
    <property name="jnidispatch.path" value="/Users/akhilganji/Library/Caches/JNA/temp/jna16098876891216004022.tmp"/>
    <property name="java.vm.name" value="OpenJDK 64-Bit Server VM"/>
    <property name="jna.platform.library.path" value="/usr/lib:/usr/lib"/>
    <property name="java.vendor.version" value="Homebrew"/>
    <property name="localRepository" value="/Users/akhilganji/.m2/repository"/>
    <property name="jna.loaded" value="true"/>
    <property name="java.vendor.url.bug" value="https://github.com/Homebrew/homebrew-core/issues"/>
    <property name="java.io.tmpdir" value="/var/folders/2m/yk2vpcfn3p50psdtmdy4wl880000gn/T/"/>
    <property name="idea.version" value="2022.2.2"/>
    <property name="java.version" value="21.0.1"/>
    <property name="user.dir" value="/Users/akhilganji/workspace/larsan-corp/catering-service-ws"/>
    <property name="os.arch" value="aarch64"/>
    <property name="java.vm.specification.name" value="Java Virtual Machine Specification"/>
    <property name="native.encoding" value="UTF-8"/>
    <property name="java.library.path" value="/Users/akhilganji/Library/Java/Extensions:/Library/Java/Extensions:/Network/Library/Java/Extensions:/System/Library/Java/Extensions:/usr/lib/java:."/>
    <property name="java.vm.info" value="mixed mode, sharing"/>
    <property name="stderr.encoding" value="UTF-8"/>
    <property name="java.vendor" value="Homebrew"/>
    <property name="java.vm.version" value="21.0.1"/>
    <property name="sun.io.unicode.encoding" value="UnicodeBig"/>
    <property name="socksNonProxyHosts" value="local|*.local|169.254/16|*.169.254/16"/>
    <property name="java.class.version" value="65.0"/>
  </properties>
  <testcase name="contextLoads" classname="com.larsan.cateringservicews.CateringServiceWsApplicationTests" time="0.006">
    <error message="Failed to load ApplicationContext for [WebMergedContextConfiguration@2ac519dc testClass = com.larsan.cateringservicews.CateringServiceWsApplicationTests, locations = [], classes = [com.larsan.cateringservicews.CateringServiceWsApplication], contextInitializerClasses = [], activeProfiles = [], propertySourceDescriptors = [], propertySourceProperties = [&quot;org.springframework.boot.test.context.SpringBootTestContextBootstrapper=true&quot;], contextCustomizers = [org.springframework.boot.test.context.filter.ExcludeFilterContextCustomizer@452e19ca, org.springframework.boot.test.json.DuplicateJsonObjectContextCustomizerFactory$DuplicateJsonObjectContextCustomizer@e25951c, org.springframework.boot.test.mock.mockito.MockitoContextCustomizer@0, org.springframework.boot.test.web.client.TestRestTemplateContextCustomizer@24c22fe, org.springframework.boot.test.autoconfigure.actuate.observability.ObservabilityContextCustomizerFactory$DisableObservabilityContextCustomizer@1f, org.springframework.boot.test.autoconfigure.properties.PropertyMappingContextCustomizer@0, org.springframework.boot.test.autoconfigure.web.servlet.WebDriverContextCustomizer@4fa1c212, org.springframework.boot.test.context.SpringBootTestAnnotation@fbda2a7b], resourceBasePath = &quot;src/main/webapp&quot;, contextLoader = org.springframework.boot.test.context.SpringBootContextLoader, parent = null]" type="java.lang.IllegalStateException"><![CDATA[java.lang.IllegalStateException: Failed to load ApplicationContext for [WebMergedContextConfiguration@2ac519dc testClass = com.larsan.cateringservicews.CateringServiceWsApplicationTests, locations = [], classes = [com.larsan.cateringservicews.CateringServiceWsApplication], contextInitializerClasses = [], activeProfiles = [], propertySourceDescriptors = [], propertySourceProperties = ["org.springframework.boot.test.context.SpringBootTestContextBootstrapper=true"], contextCustomizers = [org.springframework.boot.test.context.filter.ExcludeFilterContextCustomizer@452e19ca, org.springframework.boot.test.json.DuplicateJsonObjectContextCustomizerFactory$DuplicateJsonObjectContextCustomizer@e25951c, org.springframework.boot.test.mock.mockito.MockitoContextCustomizer@0, org.springframework.boot.test.web.client.TestRestTemplateContextCustomizer@24c22fe, org.springframework.boot.test.autoconfigure.actuate.observability.ObservabilityContextCustomizerFactory$DisableObservabilityContextCustomizer@1f, org.springframework.boot.test.autoconfigure.properties.PropertyMappingContextCustomizer@0, org.springframework.boot.test.autoconfigure.web.servlet.WebDriverContextCustomizer@4fa1c212, org.springframework.boot.test.context.SpringBootTestAnnotation@fbda2a7b], resourceBasePath = "src/main/webapp", contextLoader = org.springframework.boot.test.context.SpringBootContextLoader, parent = null]
	at org.springframework.test.context.cache.DefaultCacheAwareContextLoaderDelegate.loadContext(DefaultCacheAwareContextLoaderDelegate.java:180)
	at org.springframework.test.context.support.DefaultTestContext.getApplicationContext(DefaultTestContext.java:130)
	at org.springframework.test.context.web.ServletTestExecutionListener.setUpRequestContextIfNecessary(ServletTestExecutionListener.java:191)
	at org.springframework.test.context.web.ServletTestExecutionListener.prepareTestInstance(ServletTestExecutionListener.java:130)
	at org.springframework.test.context.TestContextManager.prepareTestInstance(TestContextManager.java:260)
	at org.springframework.test.context.junit.jupiter.SpringExtension.postProcessTestInstance(SpringExtension.java:163)
	at java.base/java.util.stream.ReferencePipeline$3$1.accept(ReferencePipeline.java:197)
	at java.base/java.util.stream.ReferencePipeline$2$1.accept(ReferencePipeline.java:179)
	at java.base/java.util.ArrayList$ArrayListSpliterator.forEachRemaining(ArrayList.java:1708)
	at java.base/java.util.stream.AbstractPipeline.copyInto(AbstractPipeline.java:509)
	at java.base/java.util.stream.AbstractPipeline.wrapAndCopyInto(AbstractPipeline.java:499)
	at java.base/java.util.stream.StreamSpliterators$WrappingSpliterator.forEachRemaining(StreamSpliterators.java:310)
	at java.base/java.util.stream.Streams$ConcatSpliterator.forEachRemaining(Streams.java:735)
	at java.base/java.util.stream.Streams$ConcatSpliterator.forEachRemaining(Streams.java:734)
	at java.base/java.util.stream.ReferencePipeline$Head.forEach(ReferencePipeline.java:762)
	at java.base/java.util.Optional.orElseGet(Optional.java:364)
	at java.base/java.util.ArrayList.forEach(ArrayList.java:1596)
	at java.base/java.util.ArrayList.forEach(ArrayList.java:1596)
Caused by: java.lang.IllegalStateException: Failed to configure KeyVault property source
	at com.azure.spring.cloud.autoconfigure.implementation.keyvault.environment.KeyVaultEnvironmentPostProcessor.buildKeyVaultPropertySource(KeyVaultEnvironmentPostProcessor.java:131)
	at com.azure.spring.cloud.autoconfigure.implementation.keyvault.environment.KeyVaultEnvironmentPostProcessor.buildKeyVaultPropertySourceList(KeyVaultEnvironmentPostProcessor.java:116)
	at com.azure.spring.cloud.autoconfigure.implementation.keyvault.environment.KeyVaultEnvironmentPostProcessor.postProcessEnvironment(KeyVaultEnvironmentPostProcessor.java:89)
	at org.springframework.boot.env.EnvironmentPostProcessorApplicationListener.onApplicationEnvironmentPreparedEvent(EnvironmentPostProcessorApplicationListener.java:109)
	at org.springframework.boot.env.EnvironmentPostProcessorApplicationListener.onApplicationEvent(EnvironmentPostProcessorApplicationListener.java:94)
	at org.springframework.context.event.SimpleApplicationEventMulticaster.doInvokeListener(SimpleApplicationEventMulticaster.java:178)
	at org.springframework.context.event.SimpleApplicationEventMulticaster.invokeListener(SimpleApplicationEventMulticaster.java:171)
	at org.springframework.context.event.SimpleApplicationEventMulticaster.multicastEvent(SimpleApplicationEventMulticaster.java:149)
	at org.springframework.context.event.SimpleApplicationEventMulticaster.multicastEvent(SimpleApplicationEventMulticaster.java:137)
	at org.springframework.boot.context.event.EventPublishingRunListener.multicastInitialEvent(EventPublishingRunListener.java:136)
	at org.springframework.boot.context.event.EventPublishingRunListener.environmentPrepared(EventPublishingRunListener.java:81)
	at org.springframework.boot.SpringApplicationRunListeners.lambda$environmentPrepared$2(SpringApplicationRunListeners.java:64)
	at java.base/java.lang.Iterable.forEach(Iterable.java:75)
	at org.springframework.boot.SpringApplicationRunListeners.doWithListeners(SpringApplicationRunListeners.java:118)
	at org.springframework.boot.SpringApplicationRunListeners.doWithListeners(SpringApplicationRunListeners.java:112)
	at org.springframework.boot.SpringApplicationRunListeners.environmentPrepared(SpringApplicationRunListeners.java:63)
	at org.springframework.boot.SpringApplication.prepareEnvironment(SpringApplication.java:377)
	at org.springframework.boot.SpringApplication.run(SpringApplication.java:329)
	at org.springframework.boot.test.context.SpringBootContextLoader.lambda$loadContext$3(SpringBootContextLoader.java:137)
	at org.springframework.util.function.ThrowingSupplier.get(ThrowingSupplier.java:58)
	at org.springframework.util.function.ThrowingSupplier.get(ThrowingSupplier.java:46)
	at org.springframework.boot.SpringApplication.withHook(SpringApplication.java:1458)
	at org.springframework.boot.test.context.SpringBootContextLoader$ContextLoaderHook.run(SpringBootContextLoader.java:552)
	at org.springframework.boot.test.context.SpringBootContextLoader.loadContext(SpringBootContextLoader.java:137)
	at org.springframework.boot.test.context.SpringBootContextLoader.loadContext(SpringBootContextLoader.java:108)
	at org.springframework.test.context.cache.DefaultCacheAwareContextLoaderDelegate.loadContextInternal(DefaultCacheAwareContextLoaderDelegate.java:225)
	at org.springframework.test.context.cache.DefaultCacheAwareContextLoaderDelegate.loadContext(DefaultCacheAwareContextLoaderDelegate.java:152)
	... 17 more
Caused by: com.azure.identity.CredentialUnavailableException: EnvironmentCredential authentication unavailable. Environment variables are not fully configured.To mitigate this issue, please refer to the troubleshooting guidelines here at https://aka.ms/azsdk/java/identity/environmentcredential/troubleshoot
WorkloadIdentityCredential authentication unavailable. The workload options are not fully configured. See the troubleshooting guide for more information. https://aka.ms/azsdk/java/identity/workloadidentitycredential/troubleshoot
Managed Identity authentication is not available.
Cannot get accounts from token cache. Error: Could not load the brokered authentication library. Ensure that the azure-identity-broker library is on the classpath.
IntelliJ Authentication not available. Please log in with Azure Tools for IntelliJ plugin in the IDE. Fore more details refer to the troubleshooting guidelines here at https://aka.ms/azsdk/java/identity/intellijcredential/troubleshoot
AzureCliCredential authentication unavailable. Azure CLI not installed.To mitigate this issue, please refer to the troubleshooting guidelines here at https://aka.ms/azsdk/java/identity/azclicredential/troubleshoot
Unable to execute PowerShell. Please make sure that it is installed in your system
AzureDeveloperCliCredential authentication unavailable. Azure Developer CLI not installed.To mitigate this issue, please refer to the troubleshooting guidelines here at https://aka.ms/azsdk/java/identity/azdevclicredential/troubleshootTo mitigate this issue, please refer to the troubleshooting guidelines here at https://aka.ms/azure-identity-java-default-azure-credential-troubleshoot
	at com.azure.identity.ChainedTokenCredential.getTokenSync(ChainedTokenCredential.java:143)
	at com.azure.core.implementation.AccessTokenCache.lambda$new$2(AccessTokenCache.java:62)
	at com.azure.core.implementation.AccessTokenCache.lambda$retrieveTokenSync$11(AccessTokenCache.java:223)
	at com.azure.core.implementation.AccessTokenCache.getTokenSync(AccessTokenCache.java:88)
	at com.azure.core.http.policy.BearerTokenAuthenticationPolicy.setAuthorizationHeaderHelperSync(BearerTokenAuthenticationPolicy.java:183)
	at com.azure.core.http.policy.BearerTokenAuthenticationPolicy.setAuthorizationHeaderSync(BearerTokenAuthenticationPolicy.java:169)
	at com.azure.security.keyvault.secrets.implementation.KeyVaultCredentialPolicy.authorizeRequestSync(KeyVaultCredentialPolicy.java:227)
	at com.azure.core.http.policy.BearerTokenAuthenticationPolicy.processSync(BearerTokenAuthenticationPolicy.java:131)
	at com.azure.core.http.HttpPipelineNextSyncPolicy.processSync(HttpPipelineNextSyncPolicy.java:41)
	at com.azure.core.http.policy.RetryPolicy.attemptSync(RetryPolicy.java:164)
	at com.azure.core.http.policy.RetryPolicy.attemptSync(RetryPolicy.java:176)
	at com.azure.core.http.policy.RetryPolicy.attemptSync(RetryPolicy.java:176)
	at com.azure.core.http.policy.RetryPolicy.attemptSync(RetryPolicy.java:176)
	at com.azure.core.http.policy.RetryPolicy.processSync(RetryPolicy.java:114)
	at com.azure.core.http.HttpPipelineNextSyncPolicy.processSync(HttpPipelineNextSyncPolicy.java:41)
	at com.azure.core.http.policy.AddHeadersPolicy.processSync(AddHeadersPolicy.java:39)
	at com.azure.core.http.HttpPipelineNextSyncPolicy.processSync(HttpPipelineNextSyncPolicy.java:41)
	at com.azure.core.http.policy.HttpPipelineSyncPolicy.processSync(HttpPipelineSyncPolicy.java:42)
	at com.azure.core.http.policy.UserAgentPolicy.processSync(UserAgentPolicy.java:153)
	at com.azure.core.http.HttpPipelineNextSyncPolicy.processSync(HttpPipelineNextSyncPolicy.java:41)
	at com.azure.core.http.HttpPipeline.sendSync(HttpPipeline.java:131)
	at com.azure.core.implementation.http.rest.SyncRestProxy.send(SyncRestProxy.java:55)
	at com.azure.core.implementation.http.rest.SyncRestProxy.invoke(SyncRestProxy.java:76)
	at com.azure.core.implementation.http.rest.RestProxyBase.invoke(RestProxyBase.java:110)
	at com.azure.core.http.rest.RestProxy.invoke(RestProxy.java:91)
	at jdk.proxy2/jdk.proxy2.$Proxy29.getSecretsSync(Unknown Source)
	at com.azure.security.keyvault.secrets.implementation.SecretClientImpl.getSecretsSinglePage(SecretClientImpl.java:1313)
	at com.azure.security.keyvault.secrets.SecretClient.lambda$listPropertiesOfSecrets$16(SecretClient.java:870)
	at com.azure.core.http.rest.PagedIterable.lambda$new$5(PagedIterable.java:185)
	at com.azure.core.util.paging.ContinuablePagedByIteratorBase.requestPage(ContinuablePagedByIteratorBase.java:104)
	at com.azure.core.util.paging.ContinuablePagedByPageIterable$ContinuablePagedByPageIterator.<init>(ContinuablePagedByPageIterable.java:82)
	at com.azure.core.util.paging.ContinuablePagedByPageIterable.iterator(ContinuablePagedByPageIterable.java:58)
	at java.base/java.lang.Iterable.spliterator(Iterable.java:101)
	at com.azure.spring.cloud.autoconfigure.implementation.keyvault.environment.KeyVaultOperation.lambda$refreshProperties$2(KeyVaultOperation.java:140)
	at java.base/java.util.Optional.map(Optional.java:260)
	at com.azure.spring.cloud.autoconfigure.implementation.keyvault.environment.KeyVaultOperation.refreshProperties(KeyVaultOperation.java:140)
	at com.azure.spring.cloud.autoconfigure.implementation.keyvault.environment.KeyVaultOperation.<init>(KeyVaultOperation.java:77)
	at com.azure.spring.cloud.autoconfigure.implementation.keyvault.environment.KeyVaultEnvironmentPostProcessor.buildKeyVaultPropertySource(KeyVaultEnvironmentPostProcessor.java:128)
	... 43 more
	Suppressed: com.azure.identity.CredentialUnavailableException: EnvironmentCredential authentication unavailable. Environment variables are not fully configured.To mitigate this issue, please refer to the troubleshooting guidelines here at https://aka.ms/azsdk/java/identity/environmentcredential/troubleshoot
WorkloadIdentityCredential authentication unavailable. The workload options are not fully configured. See the troubleshooting guide for more information. https://aka.ms/azsdk/java/identity/workloadidentitycredential/troubleshoot
Managed Identity authentication is not available.
Cannot get accounts from token cache. Error: Could not load the brokered authentication library. Ensure that the azure-identity-broker library is on the classpath.
Could not load the brokered authentication library. Ensure that the azure-identity-broker library is on the classpath.
AzureCliCredential authentication unavailable. Azure CLI not installed.To mitigate this issue, please refer to the troubleshooting guidelines here at https://aka.ms/azsdk/java/identity/azclicredential/troubleshoot
Unable to execute PowerShell. Please make sure that it is installed in your system
AzureDeveloperCliCredential authentication unavailable. Azure Developer CLI not installed.To mitigate this issue, please refer to the troubleshooting guidelines here at https://aka.ms/azsdk/java/identity/azdevclicredential/troubleshootTo mitigate this issue, please refer to the troubleshooting guidelines here at https://aka.ms/azure-identity-java-default-azure-credential-troubleshoot
		at com.azure.identity.ChainedTokenCredential.getTokenSync(ChainedTokenCredential.java:143)
		at com.azure.core.implementation.AccessTokenCache.lambda$new$2(AccessTokenCache.java:62)
		at com.azure.core.implementation.AccessTokenCache.lambda$retrieveTokenSync$11(AccessTokenCache.java:223)
		at com.azure.core.implementation.AccessTokenCache.getTokenSync(AccessTokenCache.java:88)
		at com.azure.core.http.policy.BearerTokenAuthenticationPolicy.setAuthorizationHeaderHelperSync(BearerTokenAuthenticationPolicy.java:183)
		at com.azure.core.http.policy.BearerTokenAuthenticationPolicy.setAuthorizationHeaderSync(BearerTokenAuthenticationPolicy.java:169)
		at com.azure.security.keyvault.secrets.implementation.KeyVaultCredentialPolicy.authorizeRequestOnChallengeSync(KeyVaultCredentialPolicy.java:314)
		at com.azure.core.http.policy.BearerTokenAuthenticationPolicy.processSync(BearerTokenAuthenticationPolicy.java:135)
		at com.azure.core.http.HttpPipelineNextSyncPolicy.processSync(HttpPipelineNextSyncPolicy.java:41)
		at com.azure.core.http.policy.RetryPolicy.attemptSync(RetryPolicy.java:164)
		... 68 more
	Suppressed: com.azure.identity.CredentialUnavailableException: EnvironmentCredential authentication unavailable. Environment variables are not fully configured.To mitigate this issue, please refer to the troubleshooting guidelines here at https://aka.ms/azsdk/java/identity/environmentcredential/troubleshoot
WorkloadIdentityCredential authentication unavailable. The workload options are not fully configured. See the troubleshooting guide for more information. https://aka.ms/azsdk/java/identity/workloadidentitycredential/troubleshoot
Managed Identity authentication is not available.
Cannot get accounts from token cache. Error: Could not load the brokered authentication library. Ensure that the azure-identity-broker library is on the classpath.
IntelliJ Authentication not available. Please log in with Azure Tools for IntelliJ plugin in the IDE. Fore more details refer to the troubleshooting guidelines here at https://aka.ms/azsdk/java/identity/intellijcredential/troubleshoot
AzureCliCredential authentication unavailable. Azure CLI not installed.To mitigate this issue, please refer to the troubleshooting guidelines here at https://aka.ms/azsdk/java/identity/azclicredential/troubleshoot
Unable to execute PowerShell. Please make sure that it is installed in your system
AzureDeveloperCliCredential authentication unavailable. Azure Developer CLI not installed.To mitigate this issue, please refer to the troubleshooting guidelines here at https://aka.ms/azsdk/java/identity/azdevclicredential/troubleshootTo mitigate this issue, please refer to the troubleshooting guidelines here at https://aka.ms/azure-identity-java-default-azure-credential-troubleshoot
		at com.azure.identity.ChainedTokenCredential.getTokenSync(ChainedTokenCredential.java:143)
		at com.azure.core.implementation.AccessTokenCache.lambda$new$2(AccessTokenCache.java:62)
		at com.azure.core.implementation.AccessTokenCache.lambda$retrieveTokenSync$11(AccessTokenCache.java:223)
		at com.azure.core.implementation.AccessTokenCache.getTokenSync(AccessTokenCache.java:88)
		at com.azure.core.http.policy.BearerTokenAuthenticationPolicy.setAuthorizationHeaderHelperSync(BearerTokenAuthenticationPolicy.java:183)
		at com.azure.core.http.policy.BearerTokenAuthenticationPolicy.setAuthorizationHeaderSync(BearerTokenAuthenticationPolicy.java:169)
		at com.azure.security.keyvault.secrets.implementation.KeyVaultCredentialPolicy.authorizeRequestSync(KeyVaultCredentialPolicy.java:227)
		at com.azure.core.http.policy.BearerTokenAuthenticationPolicy.processSync(BearerTokenAuthenticationPolicy.java:131)
		at com.azure.core.http.HttpPipelineNextSyncPolicy.processSync(HttpPipelineNextSyncPolicy.java:41)
		at com.azure.core.http.policy.RetryPolicy.attemptSync(RetryPolicy.java:164)
		... 69 more
	Suppressed: com.azure.identity.CredentialUnavailableException: EnvironmentCredential authentication unavailable. Environment variables are not fully configured.To mitigate this issue, please refer to the troubleshooting guidelines here at https://aka.ms/azsdk/java/identity/environmentcredential/troubleshoot
WorkloadIdentityCredential authentication unavailable. The workload options are not fully configured. See the troubleshooting guide for more information. https://aka.ms/azsdk/java/identity/workloadidentitycredential/troubleshoot
Managed Identity authentication is not available.
Cannot get accounts from token cache. Error: Could not load the brokered authentication library. Ensure that the azure-identity-broker library is on the classpath.
IntelliJ Authentication not available. Please log in with Azure Tools for IntelliJ plugin in the IDE. Fore more details refer to the troubleshooting guidelines here at https://aka.ms/azsdk/java/identity/intellijcredential/troubleshoot
AzureCliCredential authentication unavailable. Azure CLI not installed.To mitigate this issue, please refer to the troubleshooting guidelines here at https://aka.ms/azsdk/java/identity/azclicredential/troubleshoot
Unable to execute PowerShell. Please make sure that it is installed in your system
AzureDeveloperCliCredential authentication unavailable. Azure Developer CLI not installed.To mitigate this issue, please refer to the troubleshooting guidelines here at https://aka.ms/azsdk/java/identity/azdevclicredential/troubleshootTo mitigate this issue, please refer to the troubleshooting guidelines here at https://aka.ms/azure-identity-java-default-azure-credential-troubleshoot
		at com.azure.identity.ChainedTokenCredential.getTokenSync(ChainedTokenCredential.java:143)
		at com.azure.core.implementation.AccessTokenCache.lambda$new$2(AccessTokenCache.java:62)
		at com.azure.core.implementation.AccessTokenCache.lambda$retrieveTokenSync$11(AccessTokenCache.java:223)
		at com.azure.core.implementation.AccessTokenCache.getTokenSync(AccessTokenCache.java:88)
		at com.azure.core.http.policy.BearerTokenAuthenticationPolicy.setAuthorizationHeaderHelperSync(BearerTokenAuthenticationPolicy.java:183)
		at com.azure.core.http.policy.BearerTokenAuthenticationPolicy.setAuthorizationHeaderSync(BearerTokenAuthenticationPolicy.java:169)
		at com.azure.security.keyvault.secrets.implementation.KeyVaultCredentialPolicy.authorizeRequestSync(KeyVaultCredentialPolicy.java:227)
		at com.azure.core.http.policy.BearerTokenAuthenticationPolicy.processSync(BearerTokenAuthenticationPolicy.java:131)
		at com.azure.core.http.HttpPipelineNextSyncPolicy.processSync(HttpPipelineNextSyncPolicy.java:41)
		at com.azure.core.http.policy.RetryPolicy.attemptSync(RetryPolicy.java:164)
		... 70 more
]]></error>
    <system-out><![CDATA[00:21:42.114 [main] INFO org.springframework.test.context.support.AnnotationConfigContextLoaderUtils -- Could not detect default configuration classes for test class [com.larsan.cateringservicews.CateringServiceWsApplicationTests]: CateringServiceWsApplicationTests does not declare any static, non-private, non-final, nested classes annotated with @Configuration.
00:21:42.154 [main] INFO org.springframework.boot.test.context.SpringBootTestContextBootstrapper -- Found @SpringBootConfiguration com.larsan.cateringservicews.CateringServiceWsApplication for test class com.larsan.cateringservicews.CateringServiceWsApplicationTests
00:22:03.375 [main] ERROR org.springframework.boot.SpringApplication -- Application run failed
java.lang.IllegalStateException: Failed to configure KeyVault property source
	at com.azure.spring.cloud.autoconfigure.implementation.keyvault.environment.KeyVaultEnvironmentPostProcessor.buildKeyVaultPropertySource(KeyVaultEnvironmentPostProcessor.java:131)
	at com.azure.spring.cloud.autoconfigure.implementation.keyvault.environment.KeyVaultEnvironmentPostProcessor.buildKeyVaultPropertySourceList(KeyVaultEnvironmentPostProcessor.java:116)
	at com.azure.spring.cloud.autoconfigure.implementation.keyvault.environment.KeyVaultEnvironmentPostProcessor.postProcessEnvironment(KeyVaultEnvironmentPostProcessor.java:89)
	at org.springframework.boot.env.EnvironmentPostProcessorApplicationListener.onApplicationEnvironmentPreparedEvent(EnvironmentPostProcessorApplicationListener.java:109)
	at org.springframework.boot.env.EnvironmentPostProcessorApplicationListener.onApplicationEvent(EnvironmentPostProcessorApplicationListener.java:94)
	at org.springframework.context.event.SimpleApplicationEventMulticaster.doInvokeListener(SimpleApplicationEventMulticaster.java:178)
	at org.springframework.context.event.SimpleApplicationEventMulticaster.invokeListener(SimpleApplicationEventMulticaster.java:171)
	at org.springframework.context.event.SimpleApplicationEventMulticaster.multicastEvent(SimpleApplicationEventMulticaster.java:149)
	at org.springframework.context.event.SimpleApplicationEventMulticaster.multicastEvent(SimpleApplicationEventMulticaster.java:137)
	at org.springframework.boot.context.event.EventPublishingRunListener.multicastInitialEvent(EventPublishingRunListener.java:136)
	at org.springframework.boot.context.event.EventPublishingRunListener.environmentPrepared(EventPublishingRunListener.java:81)
	at org.springframework.boot.SpringApplicationRunListeners.lambda$environmentPrepared$2(SpringApplicationRunListeners.java:64)
	at java.base/java.lang.Iterable.forEach(Iterable.java:75)
	at org.springframework.boot.SpringApplicationRunListeners.doWithListeners(SpringApplicationRunListeners.java:118)
	at org.springframework.boot.SpringApplicationRunListeners.doWithListeners(SpringApplicationRunListeners.java:112)
	at org.springframework.boot.SpringApplicationRunListeners.environmentPrepared(SpringApplicationRunListeners.java:63)
	at org.springframework.boot.SpringApplication.prepareEnvironment(SpringApplication.java:377)
	at org.springframework.boot.SpringApplication.run(SpringApplication.java:329)
	at org.springframework.boot.test.context.SpringBootContextLoader.lambda$loadContext$3(SpringBootContextLoader.java:137)
	at org.springframework.util.function.ThrowingSupplier.get(ThrowingSupplier.java:58)
	at org.springframework.util.function.ThrowingSupplier.get(ThrowingSupplier.java:46)
	at org.springframework.boot.SpringApplication.withHook(SpringApplication.java:1458)
	at org.springframework.boot.test.context.SpringBootContextLoader$ContextLoaderHook.run(SpringBootContextLoader.java:552)
	at org.springframework.boot.test.context.SpringBootContextLoader.loadContext(SpringBootContextLoader.java:137)
	at org.springframework.boot.test.context.SpringBootContextLoader.loadContext(SpringBootContextLoader.java:108)
	at org.springframework.test.context.cache.DefaultCacheAwareContextLoaderDelegate.loadContextInternal(DefaultCacheAwareContextLoaderDelegate.java:225)
	at org.springframework.test.context.cache.DefaultCacheAwareContextLoaderDelegate.loadContext(DefaultCacheAwareContextLoaderDelegate.java:152)
	at org.springframework.test.context.support.DefaultTestContext.getApplicationContext(DefaultTestContext.java:130)
	at org.springframework.test.context.web.ServletTestExecutionListener.setUpRequestContextIfNecessary(ServletTestExecutionListener.java:191)
	at org.springframework.test.context.web.ServletTestExecutionListener.prepareTestInstance(ServletTestExecutionListener.java:130)
	at org.springframework.test.context.TestContextManager.prepareTestInstance(TestContextManager.java:260)
	at org.springframework.test.context.junit.jupiter.SpringExtension.postProcessTestInstance(SpringExtension.java:163)
	at org.junit.jupiter.engine.descriptor.ClassBasedTestDescriptor.lambda$invokeTestInstancePostProcessors$10(ClassBasedTestDescriptor.java:378)
	at org.junit.jupiter.engine.descriptor.ClassBasedTestDescriptor.executeAndMaskThrowable(ClassBasedTestDescriptor.java:383)
	at org.junit.jupiter.engine.descriptor.ClassBasedTestDescriptor.lambda$invokeTestInstancePostProcessors$11(ClassBasedTestDescriptor.java:378)
	at java.base/java.util.stream.ReferencePipeline$3$1.accept(ReferencePipeline.java:197)
	at java.base/java.util.stream.ReferencePipeline$2$1.accept(ReferencePipeline.java:179)
	at java.base/java.util.ArrayList$ArrayListSpliterator.forEachRemaining(ArrayList.java:1708)
	at java.base/java.util.stream.AbstractPipeline.copyInto(AbstractPipeline.java:509)
	at java.base/java.util.stream.AbstractPipeline.wrapAndCopyInto(AbstractPipeline.java:499)
	at java.base/java.util.stream.StreamSpliterators$WrappingSpliterator.forEachRemaining(StreamSpliterators.java:310)
	at java.base/java.util.stream.Streams$ConcatSpliterator.forEachRemaining(Streams.java:735)
	at java.base/java.util.stream.Streams$ConcatSpliterator.forEachRemaining(Streams.java:734)
	at java.base/java.util.stream.ReferencePipeline$Head.forEach(ReferencePipeline.java:762)
	at org.junit.jupiter.engine.descriptor.ClassBasedTestDescriptor.invokeTestInstancePostProcessors(ClassBasedTestDescriptor.java:377)
	at org.junit.jupiter.engine.descriptor.ClassBasedTestDescriptor.lambda$instantiateAndPostProcessTestInstance$6(ClassBasedTestDescriptor.java:290)
	at org.junit.platform.engine.support.hierarchical.ThrowableCollector.execute(ThrowableCollector.java:73)
	at org.junit.jupiter.engine.descriptor.ClassBasedTestDescriptor.instantiateAndPostProcessTestInstance(ClassBasedTestDescriptor.java:289)
	at org.junit.jupiter.engine.descriptor.ClassBasedTestDescriptor.lambda$testInstancesProvider$4(ClassBasedTestDescriptor.java:279)
	at java.base/java.util.Optional.orElseGet(Optional.java:364)
	at org.junit.jupiter.engine.descriptor.ClassBasedTestDescriptor.lambda$testInstancesProvider$5(ClassBasedTestDescriptor.java:278)
	at org.junit.jupiter.engine.execution.TestInstancesProvider.getTestInstances(TestInstancesProvider.java:31)
	at org.junit.jupiter.engine.descriptor.TestMethodTestDescriptor.lambda$prepare$0(TestMethodTestDescriptor.java:106)
	at org.junit.platform.engine.support.hierarchical.ThrowableCollector.execute(ThrowableCollector.java:73)
	at org.junit.jupiter.engine.descriptor.TestMethodTestDescriptor.prepare(TestMethodTestDescriptor.java:105)
	at org.junit.jupiter.engine.descriptor.TestMethodTestDescriptor.prepare(TestMethodTestDescriptor.java:69)
	at org.junit.platform.engine.support.hierarchical.NodeTestTask.lambda$prepare$2(NodeTestTask.java:123)
	at org.junit.platform.engine.support.hierarchical.ThrowableCollector.execute(ThrowableCollector.java:73)
	at org.junit.platform.engine.support.hierarchical.NodeTestTask.prepare(NodeTestTask.java:123)
	at org.junit.platform.engine.support.hierarchical.NodeTestTask.execute(NodeTestTask.java:90)
	at java.base/java.util.ArrayList.forEach(ArrayList.java:1596)
	at org.junit.platform.engine.support.hierarchical.SameThreadHierarchicalTestExecutorService.invokeAll(SameThreadHierarchicalTestExecutorService.java:41)
	at org.junit.platform.engine.support.hierarchical.NodeTestTask.lambda$executeRecursively$6(NodeTestTask.java:155)
	at org.junit.platform.engine.support.hierarchical.ThrowableCollector.execute(ThrowableCollector.java:73)
	at org.junit.platform.engine.support.hierarchical.NodeTestTask.lambda$executeRecursively$8(NodeTestTask.java:141)
	at org.junit.platform.engine.support.hierarchical.Node.around(Node.java:137)
	at org.junit.platform.engine.support.hierarchical.NodeTestTask.lambda$executeRecursively$9(NodeTestTask.java:139)
	at org.junit.platform.engine.support.hierarchical.ThrowableCollector.execute(ThrowableCollector.java:73)
	at org.junit.platform.engine.support.hierarchical.NodeTestTask.executeRecursively(NodeTestTask.java:138)
	at org.junit.platform.engine.support.hierarchical.NodeTestTask.execute(NodeTestTask.java:95)
	at java.base/java.util.ArrayList.forEach(ArrayList.java:1596)
	at org.junit.platform.engine.support.hierarchical.SameThreadHierarchicalTestExecutorService.invokeAll(SameThreadHierarchicalTestExecutorService.java:41)
	at org.junit.platform.engine.support.hierarchical.NodeTestTask.lambda$executeRecursively$6(NodeTestTask.java:155)
	at org.junit.platform.engine.support.hierarchical.ThrowableCollector.execute(ThrowableCollector.java:73)
	at org.junit.platform.engine.support.hierarchical.NodeTestTask.lambda$executeRecursively$8(NodeTestTask.java:141)
	at org.junit.platform.engine.support.hierarchical.Node.around(Node.java:137)
	at org.junit.platform.engine.support.hierarchical.NodeTestTask.lambda$executeRecursively$9(NodeTestTask.java:139)
	at org.junit.platform.engine.support.hierarchical.ThrowableCollector.execute(ThrowableCollector.java:73)
	at org.junit.platform.engine.support.hierarchical.NodeTestTask.executeRecursively(NodeTestTask.java:138)
	at org.junit.platform.engine.support.hierarchical.NodeTestTask.execute(NodeTestTask.java:95)
	at org.junit.platform.engine.support.hierarchical.SameThreadHierarchicalTestExecutorService.submit(SameThreadHierarchicalTestExecutorService.java:35)
	at org.junit.platform.engine.support.hierarchical.HierarchicalTestExecutor.execute(HierarchicalTestExecutor.java:57)
	at org.junit.platform.engine.support.hierarchical.HierarchicalTestEngine.execute(HierarchicalTestEngine.java:54)
	at org.junit.platform.launcher.core.EngineExecutionOrchestrator.execute(EngineExecutionOrchestrator.java:198)
	at org.junit.platform.launcher.core.EngineExecutionOrchestrator.execute(EngineExecutionOrchestrator.java:169)
	at org.junit.platform.launcher.core.EngineExecutionOrchestrator.execute(EngineExecutionOrchestrator.java:93)
	at org.junit.platform.launcher.core.EngineExecutionOrchestrator.lambda$execute$0(EngineExecutionOrchestrator.java:58)
	at org.junit.platform.launcher.core.EngineExecutionOrchestrator.withInterceptedStreams(EngineExecutionOrchestrator.java:141)
	at org.junit.platform.launcher.core.EngineExecutionOrchestrator.execute(EngineExecutionOrchestrator.java:57)
	at org.junit.platform.launcher.core.DefaultLauncher.execute(DefaultLauncher.java:103)
	at org.junit.platform.launcher.core.DefaultLauncher.execute(DefaultLauncher.java:85)
	at org.junit.platform.launcher.core.DelegatingLauncher.execute(DelegatingLauncher.java:47)
	at org.apache.maven.surefire.junitplatform.LazyLauncher.execute(LazyLauncher.java:56)
	at org.apache.maven.surefire.junitplatform.JUnitPlatformProvider.execute(JUnitPlatformProvider.java:184)
	at org.apache.maven.surefire.junitplatform.JUnitPlatformProvider.invokeAllTests(JUnitPlatformProvider.java:148)
	at org.apache.maven.surefire.junitplatform.JUnitPlatformProvider.invoke(JUnitPlatformProvider.java:122)
	at org.apache.maven.surefire.booter.ForkedBooter.runSuitesInProcess(ForkedBooter.java:385)
	at org.apache.maven.surefire.booter.ForkedBooter.execute(ForkedBooter.java:162)
	at org.apache.maven.surefire.booter.ForkedBooter.run(ForkedBooter.java:507)
	at org.apache.maven.surefire.booter.ForkedBooter.main(ForkedBooter.java:495)
Caused by: com.azure.identity.CredentialUnavailableException: EnvironmentCredential authentication unavailable. Environment variables are not fully configured.To mitigate this issue, please refer to the troubleshooting guidelines here at https://aka.ms/azsdk/java/identity/environmentcredential/troubleshoot
WorkloadIdentityCredential authentication unavailable. The workload options are not fully configured. See the troubleshooting guide for more information. https://aka.ms/azsdk/java/identity/workloadidentitycredential/troubleshoot
Managed Identity authentication is not available.
Cannot get accounts from token cache. Error: Could not load the brokered authentication library. Ensure that the azure-identity-broker library is on the classpath.
IntelliJ Authentication not available. Please log in with Azure Tools for IntelliJ plugin in the IDE. Fore more details refer to the troubleshooting guidelines here at https://aka.ms/azsdk/java/identity/intellijcredential/troubleshoot
AzureCliCredential authentication unavailable. Azure CLI not installed.To mitigate this issue, please refer to the troubleshooting guidelines here at https://aka.ms/azsdk/java/identity/azclicredential/troubleshoot
Unable to execute PowerShell. Please make sure that it is installed in your system
AzureDeveloperCliCredential authentication unavailable. Azure Developer CLI not installed.To mitigate this issue, please refer to the troubleshooting guidelines here at https://aka.ms/azsdk/java/identity/azdevclicredential/troubleshootTo mitigate this issue, please refer to the troubleshooting guidelines here at https://aka.ms/azure-identity-java-default-azure-credential-troubleshoot
	at com.azure.identity.ChainedTokenCredential.getTokenSync(ChainedTokenCredential.java:143)
	at com.azure.core.implementation.AccessTokenCache.lambda$new$2(AccessTokenCache.java:62)
	at com.azure.core.implementation.AccessTokenCache.lambda$retrieveTokenSync$11(AccessTokenCache.java:223)
	at com.azure.core.implementation.AccessTokenCache.getTokenSync(AccessTokenCache.java:88)
	at com.azure.core.http.policy.BearerTokenAuthenticationPolicy.setAuthorizationHeaderHelperSync(BearerTokenAuthenticationPolicy.java:183)
	at com.azure.core.http.policy.BearerTokenAuthenticationPolicy.setAuthorizationHeaderSync(BearerTokenAuthenticationPolicy.java:169)
	at com.azure.security.keyvault.secrets.implementation.KeyVaultCredentialPolicy.authorizeRequestSync(KeyVaultCredentialPolicy.java:227)
	at com.azure.core.http.policy.BearerTokenAuthenticationPolicy.processSync(BearerTokenAuthenticationPolicy.java:131)
	at com.azure.core.http.HttpPipelineNextSyncPolicy.processSync(HttpPipelineNextSyncPolicy.java:41)
	at com.azure.core.http.policy.RetryPolicy.attemptSync(RetryPolicy.java:164)
	at com.azure.core.http.policy.RetryPolicy.attemptSync(RetryPolicy.java:176)
	at com.azure.core.http.policy.RetryPolicy.attemptSync(RetryPolicy.java:176)
	at com.azure.core.http.policy.RetryPolicy.attemptSync(RetryPolicy.java:176)
	at com.azure.core.http.policy.RetryPolicy.processSync(RetryPolicy.java:114)
	at com.azure.core.http.HttpPipelineNextSyncPolicy.processSync(HttpPipelineNextSyncPolicy.java:41)
	at com.azure.core.http.policy.AddHeadersPolicy.processSync(AddHeadersPolicy.java:39)
	at com.azure.core.http.HttpPipelineNextSyncPolicy.processSync(HttpPipelineNextSyncPolicy.java:41)
	at com.azure.core.http.policy.HttpPipelineSyncPolicy.processSync(HttpPipelineSyncPolicy.java:42)
	at com.azure.core.http.policy.UserAgentPolicy.processSync(UserAgentPolicy.java:153)
	at com.azure.core.http.HttpPipelineNextSyncPolicy.processSync(HttpPipelineNextSyncPolicy.java:41)
	at com.azure.core.http.HttpPipeline.sendSync(HttpPipeline.java:131)
	at com.azure.core.implementation.http.rest.SyncRestProxy.send(SyncRestProxy.java:55)
	at com.azure.core.implementation.http.rest.SyncRestProxy.invoke(SyncRestProxy.java:76)
	at com.azure.core.implementation.http.rest.RestProxyBase.invoke(RestProxyBase.java:110)
	at com.azure.core.http.rest.RestProxy.invoke(RestProxy.java:91)
	at jdk.proxy2/jdk.proxy2.$Proxy29.getSecretsSync(Unknown Source)
	at com.azure.security.keyvault.secrets.implementation.SecretClientImpl.getSecretsSinglePage(SecretClientImpl.java:1313)
	at com.azure.security.keyvault.secrets.SecretClient.lambda$listPropertiesOfSecrets$16(SecretClient.java:870)
	at com.azure.core.http.rest.PagedIterable.lambda$new$5(PagedIterable.java:185)
	at com.azure.core.util.paging.ContinuablePagedByIteratorBase.requestPage(ContinuablePagedByIteratorBase.java:104)
	at com.azure.core.util.paging.ContinuablePagedByPageIterable$ContinuablePagedByPageIterator.<init>(ContinuablePagedByPageIterable.java:82)
	at com.azure.core.util.paging.ContinuablePagedByPageIterable.iterator(ContinuablePagedByPageIterable.java:58)
	at java.base/java.lang.Iterable.spliterator(Iterable.java:101)
	at com.azure.spring.cloud.autoconfigure.implementation.keyvault.environment.KeyVaultOperation.lambda$refreshProperties$2(KeyVaultOperation.java:140)
	at java.base/java.util.Optional.map(Optional.java:260)
	at com.azure.spring.cloud.autoconfigure.implementation.keyvault.environment.KeyVaultOperation.refreshProperties(KeyVaultOperation.java:140)
	at com.azure.spring.cloud.autoconfigure.implementation.keyvault.environment.KeyVaultOperation.<init>(KeyVaultOperation.java:77)
	at com.azure.spring.cloud.autoconfigure.implementation.keyvault.environment.KeyVaultEnvironmentPostProcessor.buildKeyVaultPropertySource(KeyVaultEnvironmentPostProcessor.java:128)
	... 99 common frames omitted
	Suppressed: com.azure.identity.CredentialUnavailableException: EnvironmentCredential authentication unavailable. Environment variables are not fully configured.To mitigate this issue, please refer to the troubleshooting guidelines here at https://aka.ms/azsdk/java/identity/environmentcredential/troubleshoot
WorkloadIdentityCredential authentication unavailable. The workload options are not fully configured. See the troubleshooting guide for more information. https://aka.ms/azsdk/java/identity/workloadidentitycredential/troubleshoot
Managed Identity authentication is not available.
Cannot get accounts from token cache. Error: Could not load the brokered authentication library. Ensure that the azure-identity-broker library is on the classpath.
Could not load the brokered authentication library. Ensure that the azure-identity-broker library is on the classpath.
AzureCliCredential authentication unavailable. Azure CLI not installed.To mitigate this issue, please refer to the troubleshooting guidelines here at https://aka.ms/azsdk/java/identity/azclicredential/troubleshoot
Unable to execute PowerShell. Please make sure that it is installed in your system
AzureDeveloperCliCredential authentication unavailable. Azure Developer CLI not installed.To mitigate this issue, please refer to the troubleshooting guidelines here at https://aka.ms/azsdk/java/identity/azdevclicredential/troubleshootTo mitigate this issue, please refer to the troubleshooting guidelines here at https://aka.ms/azure-identity-java-default-azure-credential-troubleshoot
		at com.azure.identity.ChainedTokenCredential.getTokenSync(ChainedTokenCredential.java:143)
		at com.azure.core.implementation.AccessTokenCache.lambda$new$2(AccessTokenCache.java:62)
		at com.azure.core.implementation.AccessTokenCache.lambda$retrieveTokenSync$11(AccessTokenCache.java:223)
		at com.azure.core.implementation.AccessTokenCache.getTokenSync(AccessTokenCache.java:88)
		at com.azure.core.http.policy.BearerTokenAuthenticationPolicy.setAuthorizationHeaderHelperSync(BearerTokenAuthenticationPolicy.java:183)
		at com.azure.core.http.policy.BearerTokenAuthenticationPolicy.setAuthorizationHeaderSync(BearerTokenAuthenticationPolicy.java:169)
		at com.azure.security.keyvault.secrets.implementation.KeyVaultCredentialPolicy.authorizeRequestOnChallengeSync(KeyVaultCredentialPolicy.java:314)
		at com.azure.core.http.policy.BearerTokenAuthenticationPolicy.processSync(BearerTokenAuthenticationPolicy.java:135)
		at com.azure.core.http.HttpPipelineNextSyncPolicy.processSync(HttpPipelineNextSyncPolicy.java:41)
		at com.azure.core.http.policy.RetryPolicy.attemptSync(RetryPolicy.java:164)
		... 124 common frames omitted
	Suppressed: com.azure.identity.CredentialUnavailableException: EnvironmentCredential authentication unavailable. Environment variables are not fully configured.To mitigate this issue, please refer to the troubleshooting guidelines here at https://aka.ms/azsdk/java/identity/environmentcredential/troubleshoot
WorkloadIdentityCredential authentication unavailable. The workload options are not fully configured. See the troubleshooting guide for more information. https://aka.ms/azsdk/java/identity/workloadidentitycredential/troubleshoot
Managed Identity authentication is not available.
Cannot get accounts from token cache. Error: Could not load the brokered authentication library. Ensure that the azure-identity-broker library is on the classpath.
IntelliJ Authentication not available. Please log in with Azure Tools for IntelliJ plugin in the IDE. Fore more details refer to the troubleshooting guidelines here at https://aka.ms/azsdk/java/identity/intellijcredential/troubleshoot
AzureCliCredential authentication unavailable. Azure CLI not installed.To mitigate this issue, please refer to the troubleshooting guidelines here at https://aka.ms/azsdk/java/identity/azclicredential/troubleshoot
Unable to execute PowerShell. Please make sure that it is installed in your system
AzureDeveloperCliCredential authentication unavailable. Azure Developer CLI not installed.To mitigate this issue, please refer to the troubleshooting guidelines here at https://aka.ms/azsdk/java/identity/azdevclicredential/troubleshootTo mitigate this issue, please refer to the troubleshooting guidelines here at https://aka.ms/azure-identity-java-default-azure-credential-troubleshoot
		at com.azure.identity.ChainedTokenCredential.getTokenSync(ChainedTokenCredential.java:143)
		at com.azure.core.implementation.AccessTokenCache.lambda$new$2(AccessTokenCache.java:62)
		at com.azure.core.implementation.AccessTokenCache.lambda$retrieveTokenSync$11(AccessTokenCache.java:223)
		at com.azure.core.implementation.AccessTokenCache.getTokenSync(AccessTokenCache.java:88)
		at com.azure.core.http.policy.BearerTokenAuthenticationPolicy.setAuthorizationHeaderHelperSync(BearerTokenAuthenticationPolicy.java:183)
		at com.azure.core.http.policy.BearerTokenAuthenticationPolicy.setAuthorizationHeaderSync(BearerTokenAuthenticationPolicy.java:169)
		at com.azure.security.keyvault.secrets.implementation.KeyVaultCredentialPolicy.authorizeRequestSync(KeyVaultCredentialPolicy.java:227)
		at com.azure.core.http.policy.BearerTokenAuthenticationPolicy.processSync(BearerTokenAuthenticationPolicy.java:131)
		at com.azure.core.http.HttpPipelineNextSyncPolicy.processSync(HttpPipelineNextSyncPolicy.java:41)
		at com.azure.core.http.policy.RetryPolicy.attemptSync(RetryPolicy.java:164)
		... 125 common frames omitted
	Suppressed: com.azure.identity.CredentialUnavailableException: EnvironmentCredential authentication unavailable. Environment variables are not fully configured.To mitigate this issue, please refer to the troubleshooting guidelines here at https://aka.ms/azsdk/java/identity/environmentcredential/troubleshoot
WorkloadIdentityCredential authentication unavailable. The workload options are not fully configured. See the troubleshooting guide for more information. https://aka.ms/azsdk/java/identity/workloadidentitycredential/troubleshoot
Managed Identity authentication is not available.
Cannot get accounts from token cache. Error: Could not load the brokered authentication library. Ensure that the azure-identity-broker library is on the classpath.
IntelliJ Authentication not available. Please log in with Azure Tools for IntelliJ plugin in the IDE. Fore more details refer to the troubleshooting guidelines here at https://aka.ms/azsdk/java/identity/intellijcredential/troubleshoot
AzureCliCredential authentication unavailable. Azure CLI not installed.To mitigate this issue, please refer to the troubleshooting guidelines here at https://aka.ms/azsdk/java/identity/azclicredential/troubleshoot
Unable to execute PowerShell. Please make sure that it is installed in your system
AzureDeveloperCliCredential authentication unavailable. Azure Developer CLI not installed.To mitigate this issue, please refer to the troubleshooting guidelines here at https://aka.ms/azsdk/java/identity/azdevclicredential/troubleshootTo mitigate this issue, please refer to the troubleshooting guidelines here at https://aka.ms/azure-identity-java-default-azure-credential-troubleshoot
		at com.azure.identity.ChainedTokenCredential.getTokenSync(ChainedTokenCredential.java:143)
		at com.azure.core.implementation.AccessTokenCache.lambda$new$2(AccessTokenCache.java:62)
		at com.azure.core.implementation.AccessTokenCache.lambda$retrieveTokenSync$11(AccessTokenCache.java:223)
		at com.azure.core.implementation.AccessTokenCache.getTokenSync(AccessTokenCache.java:88)
		at com.azure.core.http.policy.BearerTokenAuthenticationPolicy.setAuthorizationHeaderHelperSync(BearerTokenAuthenticationPolicy.java:183)
		at com.azure.core.http.policy.BearerTokenAuthenticationPolicy.setAuthorizationHeaderSync(BearerTokenAuthenticationPolicy.java:169)
		at com.azure.security.keyvault.secrets.implementation.KeyVaultCredentialPolicy.authorizeRequestSync(KeyVaultCredentialPolicy.java:227)
		at com.azure.core.http.policy.BearerTokenAuthenticationPolicy.processSync(BearerTokenAuthenticationPolicy.java:131)
		at com.azure.core.http.HttpPipelineNextSyncPolicy.processSync(HttpPipelineNextSyncPolicy.java:41)
		at com.azure.core.http.policy.RetryPolicy.attemptSync(RetryPolicy.java:164)
		... 126 common frames omitted
00:22:03.380 [main] WARN org.springframework.test.context.TestContextManager -- Caught exception while allowing TestExecutionListener [org.springframework.test.context.web.ServletTestExecutionListener] to prepare test instance [com.larsan.cateringservicews.CateringServiceWsApplicationTests@3d53e6f7]
java.lang.IllegalStateException: Failed to load ApplicationContext for [WebMergedContextConfiguration@2ac519dc testClass = com.larsan.cateringservicews.CateringServiceWsApplicationTests, locations = [], classes = [com.larsan.cateringservicews.CateringServiceWsApplication], contextInitializerClasses = [], activeProfiles = [], propertySourceDescriptors = [], propertySourceProperties = ["org.springframework.boot.test.context.SpringBootTestContextBootstrapper=true"], contextCustomizers = [org.springframework.boot.test.context.filter.ExcludeFilterContextCustomizer@452e19ca, org.springframework.boot.test.json.DuplicateJsonObjectContextCustomizerFactory$DuplicateJsonObjectContextCustomizer@e25951c, org.springframework.boot.test.mock.mockito.MockitoContextCustomizer@0, org.springframework.boot.test.web.client.TestRestTemplateContextCustomizer@24c22fe, org.springframework.boot.test.autoconfigure.actuate.observability.ObservabilityContextCustomizerFactory$DisableObservabilityContextCustomizer@1f, org.springframework.boot.test.autoconfigure.properties.PropertyMappingContextCustomizer@0, org.springframework.boot.test.autoconfigure.web.servlet.WebDriverContextCustomizer@4fa1c212, org.springframework.boot.test.context.SpringBootTestAnnotation@fbda2a7b], resourceBasePath = "src/main/webapp", contextLoader = org.springframework.boot.test.context.SpringBootContextLoader, parent = null]
	at org.springframework.test.context.cache.DefaultCacheAwareContextLoaderDelegate.loadContext(DefaultCacheAwareContextLoaderDelegate.java:180)
	at org.springframework.test.context.support.DefaultTestContext.getApplicationContext(DefaultTestContext.java:130)
	at org.springframework.test.context.web.ServletTestExecutionListener.setUpRequestContextIfNecessary(ServletTestExecutionListener.java:191)
	at org.springframework.test.context.web.ServletTestExecutionListener.prepareTestInstance(ServletTestExecutionListener.java:130)
	at org.springframework.test.context.TestContextManager.prepareTestInstance(TestContextManager.java:260)
	at org.springframework.test.context.junit.jupiter.SpringExtension.postProcessTestInstance(SpringExtension.java:163)
	at org.junit.jupiter.engine.descriptor.ClassBasedTestDescriptor.lambda$invokeTestInstancePostProcessors$10(ClassBasedTestDescriptor.java:378)
	at org.junit.jupiter.engine.descriptor.ClassBasedTestDescriptor.executeAndMaskThrowable(ClassBasedTestDescriptor.java:383)
	at org.junit.jupiter.engine.descriptor.ClassBasedTestDescriptor.lambda$invokeTestInstancePostProcessors$11(ClassBasedTestDescriptor.java:378)
	at java.base/java.util.stream.ReferencePipeline$3$1.accept(ReferencePipeline.java:197)
	at java.base/java.util.stream.ReferencePipeline$2$1.accept(ReferencePipeline.java:179)
	at java.base/java.util.ArrayList$ArrayListSpliterator.forEachRemaining(ArrayList.java:1708)
	at java.base/java.util.stream.AbstractPipeline.copyInto(AbstractPipeline.java:509)
	at java.base/java.util.stream.AbstractPipeline.wrapAndCopyInto(AbstractPipeline.java:499)
	at java.base/java.util.stream.StreamSpliterators$WrappingSpliterator.forEachRemaining(StreamSpliterators.java:310)
	at java.base/java.util.stream.Streams$ConcatSpliterator.forEachRemaining(Streams.java:735)
	at java.base/java.util.stream.Streams$ConcatSpliterator.forEachRemaining(Streams.java:734)
	at java.base/java.util.stream.ReferencePipeline$Head.forEach(ReferencePipeline.java:762)
	at org.junit.jupiter.engine.descriptor.ClassBasedTestDescriptor.invokeTestInstancePostProcessors(ClassBasedTestDescriptor.java:377)
	at org.junit.jupiter.engine.descriptor.ClassBasedTestDescriptor.lambda$instantiateAndPostProcessTestInstance$6(ClassBasedTestDescriptor.java:290)
	at org.junit.platform.engine.support.hierarchical.ThrowableCollector.execute(ThrowableCollector.java:73)
	at org.junit.jupiter.engine.descriptor.ClassBasedTestDescriptor.instantiateAndPostProcessTestInstance(ClassBasedTestDescriptor.java:289)
	at org.junit.jupiter.engine.descriptor.ClassBasedTestDescriptor.lambda$testInstancesProvider$4(ClassBasedTestDescriptor.java:279)
	at java.base/java.util.Optional.orElseGet(Optional.java:364)
	at org.junit.jupiter.engine.descriptor.ClassBasedTestDescriptor.lambda$testInstancesProvider$5(ClassBasedTestDescriptor.java:278)
	at org.junit.jupiter.engine.execution.TestInstancesProvider.getTestInstances(TestInstancesProvider.java:31)
	at org.junit.jupiter.engine.descriptor.TestMethodTestDescriptor.lambda$prepare$0(TestMethodTestDescriptor.java:106)
	at org.junit.platform.engine.support.hierarchical.ThrowableCollector.execute(ThrowableCollector.java:73)
	at org.junit.jupiter.engine.descriptor.TestMethodTestDescriptor.prepare(TestMethodTestDescriptor.java:105)
	at org.junit.jupiter.engine.descriptor.TestMethodTestDescriptor.prepare(TestMethodTestDescriptor.java:69)
	at org.junit.platform.engine.support.hierarchical.NodeTestTask.lambda$prepare$2(NodeTestTask.java:123)
	at org.junit.platform.engine.support.hierarchical.ThrowableCollector.execute(ThrowableCollector.java:73)
	at org.junit.platform.engine.support.hierarchical.NodeTestTask.prepare(NodeTestTask.java:123)
	at org.junit.platform.engine.support.hierarchical.NodeTestTask.execute(NodeTestTask.java:90)
	at java.base/java.util.ArrayList.forEach(ArrayList.java:1596)
	at org.junit.platform.engine.support.hierarchical.SameThreadHierarchicalTestExecutorService.invokeAll(SameThreadHierarchicalTestExecutorService.java:41)
	at org.junit.platform.engine.support.hierarchical.NodeTestTask.lambda$executeRecursively$6(NodeTestTask.java:155)
	at org.junit.platform.engine.support.hierarchical.ThrowableCollector.execute(ThrowableCollector.java:73)
	at org.junit.platform.engine.support.hierarchical.NodeTestTask.lambda$executeRecursively$8(NodeTestTask.java:141)
	at org.junit.platform.engine.support.hierarchical.Node.around(Node.java:137)
	at org.junit.platform.engine.support.hierarchical.NodeTestTask.lambda$executeRecursively$9(NodeTestTask.java:139)
	at org.junit.platform.engine.support.hierarchical.ThrowableCollector.execute(ThrowableCollector.java:73)
	at org.junit.platform.engine.support.hierarchical.NodeTestTask.executeRecursively(NodeTestTask.java:138)
	at org.junit.platform.engine.support.hierarchical.NodeTestTask.execute(NodeTestTask.java:95)
	at java.base/java.util.ArrayList.forEach(ArrayList.java:1596)
	at org.junit.platform.engine.support.hierarchical.SameThreadHierarchicalTestExecutorService.invokeAll(SameThreadHierarchicalTestExecutorService.java:41)
	at org.junit.platform.engine.support.hierarchical.NodeTestTask.lambda$executeRecursively$6(NodeTestTask.java:155)
	at org.junit.platform.engine.support.hierarchical.ThrowableCollector.execute(ThrowableCollector.java:73)
	at org.junit.platform.engine.support.hierarchical.NodeTestTask.lambda$executeRecursively$8(NodeTestTask.java:141)
	at org.junit.platform.engine.support.hierarchical.Node.around(Node.java:137)
	at org.junit.platform.engine.support.hierarchical.NodeTestTask.lambda$executeRecursively$9(NodeTestTask.java:139)
	at org.junit.platform.engine.support.hierarchical.ThrowableCollector.execute(ThrowableCollector.java:73)
	at org.junit.platform.engine.support.hierarchical.NodeTestTask.executeRecursively(NodeTestTask.java:138)
	at org.junit.platform.engine.support.hierarchical.NodeTestTask.execute(NodeTestTask.java:95)
	at org.junit.platform.engine.support.hierarchical.SameThreadHierarchicalTestExecutorService.submit(SameThreadHierarchicalTestExecutorService.java:35)
	at org.junit.platform.engine.support.hierarchical.HierarchicalTestExecutor.execute(HierarchicalTestExecutor.java:57)
	at org.junit.platform.engine.support.hierarchical.HierarchicalTestEngine.execute(HierarchicalTestEngine.java:54)
	at org.junit.platform.launcher.core.EngineExecutionOrchestrator.execute(EngineExecutionOrchestrator.java:198)
	at org.junit.platform.launcher.core.EngineExecutionOrchestrator.execute(EngineExecutionOrchestrator.java:169)
	at org.junit.platform.launcher.core.EngineExecutionOrchestrator.execute(EngineExecutionOrchestrator.java:93)
	at org.junit.platform.launcher.core.EngineExecutionOrchestrator.lambda$execute$0(EngineExecutionOrchestrator.java:58)
	at org.junit.platform.launcher.core.EngineExecutionOrchestrator.withInterceptedStreams(EngineExecutionOrchestrator.java:141)
	at org.junit.platform.launcher.core.EngineExecutionOrchestrator.execute(EngineExecutionOrchestrator.java:57)
	at org.junit.platform.launcher.core.DefaultLauncher.execute(DefaultLauncher.java:103)
	at org.junit.platform.launcher.core.DefaultLauncher.execute(DefaultLauncher.java:85)
	at org.junit.platform.launcher.core.DelegatingLauncher.execute(DelegatingLauncher.java:47)
	at org.apache.maven.surefire.junitplatform.LazyLauncher.execute(LazyLauncher.java:56)
	at org.apache.maven.surefire.junitplatform.JUnitPlatformProvider.execute(JUnitPlatformProvider.java:184)
	at org.apache.maven.surefire.junitplatform.JUnitPlatformProvider.invokeAllTests(JUnitPlatformProvider.java:148)
	at org.apache.maven.surefire.junitplatform.JUnitPlatformProvider.invoke(JUnitPlatformProvider.java:122)
	at org.apache.maven.surefire.booter.ForkedBooter.runSuitesInProcess(ForkedBooter.java:385)
	at org.apache.maven.surefire.booter.ForkedBooter.execute(ForkedBooter.java:162)
	at org.apache.maven.surefire.booter.ForkedBooter.run(ForkedBooter.java:507)
	at org.apache.maven.surefire.booter.ForkedBooter.main(ForkedBooter.java:495)
Caused by: java.lang.IllegalStateException: Failed to configure KeyVault property source
	at com.azure.spring.cloud.autoconfigure.implementation.keyvault.environment.KeyVaultEnvironmentPostProcessor.buildKeyVaultPropertySource(KeyVaultEnvironmentPostProcessor.java:131)
	at com.azure.spring.cloud.autoconfigure.implementation.keyvault.environment.KeyVaultEnvironmentPostProcessor.buildKeyVaultPropertySourceList(KeyVaultEnvironmentPostProcessor.java:116)
	at com.azure.spring.cloud.autoconfigure.implementation.keyvault.environment.KeyVaultEnvironmentPostProcessor.postProcessEnvironment(KeyVaultEnvironmentPostProcessor.java:89)
	at org.springframework.boot.env.EnvironmentPostProcessorApplicationListener.onApplicationEnvironmentPreparedEvent(EnvironmentPostProcessorApplicationListener.java:109)
	at org.springframework.boot.env.EnvironmentPostProcessorApplicationListener.onApplicationEvent(EnvironmentPostProcessorApplicationListener.java:94)
	at org.springframework.context.event.SimpleApplicationEventMulticaster.doInvokeListener(SimpleApplicationEventMulticaster.java:178)
	at org.springframework.context.event.SimpleApplicationEventMulticaster.invokeListener(SimpleApplicationEventMulticaster.java:171)
	at org.springframework.context.event.SimpleApplicationEventMulticaster.multicastEvent(SimpleApplicationEventMulticaster.java:149)
	at org.springframework.context.event.SimpleApplicationEventMulticaster.multicastEvent(SimpleApplicationEventMulticaster.java:137)
	at org.springframework.boot.context.event.EventPublishingRunListener.multicastInitialEvent(EventPublishingRunListener.java:136)
	at org.springframework.boot.context.event.EventPublishingRunListener.environmentPrepared(EventPublishingRunListener.java:81)
	at org.springframework.boot.SpringApplicationRunListeners.lambda$environmentPrepared$2(SpringApplicationRunListeners.java:64)
	at java.base/java.lang.Iterable.forEach(Iterable.java:75)
	at org.springframework.boot.SpringApplicationRunListeners.doWithListeners(SpringApplicationRunListeners.java:118)
	at org.springframework.boot.SpringApplicationRunListeners.doWithListeners(SpringApplicationRunListeners.java:112)
	at org.springframework.boot.SpringApplicationRunListeners.environmentPrepared(SpringApplicationRunListeners.java:63)
	at org.springframework.boot.SpringApplication.prepareEnvironment(SpringApplication.java:377)
	at org.springframework.boot.SpringApplication.run(SpringApplication.java:329)
	at org.springframework.boot.test.context.SpringBootContextLoader.lambda$loadContext$3(SpringBootContextLoader.java:137)
	at org.springframework.util.function.ThrowingSupplier.get(ThrowingSupplier.java:58)
	at org.springframework.util.function.ThrowingSupplier.get(ThrowingSupplier.java:46)
	at org.springframework.boot.SpringApplication.withHook(SpringApplication.java:1458)
	at org.springframework.boot.test.context.SpringBootContextLoader$ContextLoaderHook.run(SpringBootContextLoader.java:552)
	at org.springframework.boot.test.context.SpringBootContextLoader.loadContext(SpringBootContextLoader.java:137)
	at org.springframework.boot.test.context.SpringBootContextLoader.loadContext(SpringBootContextLoader.java:108)
	at org.springframework.test.context.cache.DefaultCacheAwareContextLoaderDelegate.loadContextInternal(DefaultCacheAwareContextLoaderDelegate.java:225)
	at org.springframework.test.context.cache.DefaultCacheAwareContextLoaderDelegate.loadContext(DefaultCacheAwareContextLoaderDelegate.java:152)
	... 73 common frames omitted
Caused by: com.azure.identity.CredentialUnavailableException: EnvironmentCredential authentication unavailable. Environment variables are not fully configured.To mitigate this issue, please refer to the troubleshooting guidelines here at https://aka.ms/azsdk/java/identity/environmentcredential/troubleshoot
WorkloadIdentityCredential authentication unavailable. The workload options are not fully configured. See the troubleshooting guide for more information. https://aka.ms/azsdk/java/identity/workloadidentitycredential/troubleshoot
Managed Identity authentication is not available.
Cannot get accounts from token cache. Error: Could not load the brokered authentication library. Ensure that the azure-identity-broker library is on the classpath.
IntelliJ Authentication not available. Please log in with Azure Tools for IntelliJ plugin in the IDE. Fore more details refer to the troubleshooting guidelines here at https://aka.ms/azsdk/java/identity/intellijcredential/troubleshoot
AzureCliCredential authentication unavailable. Azure CLI not installed.To mitigate this issue, please refer to the troubleshooting guidelines here at https://aka.ms/azsdk/java/identity/azclicredential/troubleshoot
Unable to execute PowerShell. Please make sure that it is installed in your system
AzureDeveloperCliCredential authentication unavailable. Azure Developer CLI not installed.To mitigate this issue, please refer to the troubleshooting guidelines here at https://aka.ms/azsdk/java/identity/azdevclicredential/troubleshootTo mitigate this issue, please refer to the troubleshooting guidelines here at https://aka.ms/azure-identity-java-default-azure-credential-troubleshoot
	at com.azure.identity.ChainedTokenCredential.getTokenSync(ChainedTokenCredential.java:143)
	at com.azure.core.implementation.AccessTokenCache.lambda$new$2(AccessTokenCache.java:62)
	at com.azure.core.implementation.AccessTokenCache.lambda$retrieveTokenSync$11(AccessTokenCache.java:223)
	at com.azure.core.implementation.AccessTokenCache.getTokenSync(AccessTokenCache.java:88)
	at com.azure.core.http.policy.BearerTokenAuthenticationPolicy.setAuthorizationHeaderHelperSync(BearerTokenAuthenticationPolicy.java:183)
	at com.azure.core.http.policy.BearerTokenAuthenticationPolicy.setAuthorizationHeaderSync(BearerTokenAuthenticationPolicy.java:169)
	at com.azure.security.keyvault.secrets.implementation.KeyVaultCredentialPolicy.authorizeRequestSync(KeyVaultCredentialPolicy.java:227)
	at com.azure.core.http.policy.BearerTokenAuthenticationPolicy.processSync(BearerTokenAuthenticationPolicy.java:131)
	at com.azure.core.http.HttpPipelineNextSyncPolicy.processSync(HttpPipelineNextSyncPolicy.java:41)
	at com.azure.core.http.policy.RetryPolicy.attemptSync(RetryPolicy.java:164)
	at com.azure.core.http.policy.RetryPolicy.attemptSync(RetryPolicy.java:176)
	at com.azure.core.http.policy.RetryPolicy.attemptSync(RetryPolicy.java:176)
	at com.azure.core.http.policy.RetryPolicy.attemptSync(RetryPolicy.java:176)
	at com.azure.core.http.policy.RetryPolicy.processSync(RetryPolicy.java:114)
	at com.azure.core.http.HttpPipelineNextSyncPolicy.processSync(HttpPipelineNextSyncPolicy.java:41)
	at com.azure.core.http.policy.AddHeadersPolicy.processSync(AddHeadersPolicy.java:39)
	at com.azure.core.http.HttpPipelineNextSyncPolicy.processSync(HttpPipelineNextSyncPolicy.java:41)
	at com.azure.core.http.policy.HttpPipelineSyncPolicy.processSync(HttpPipelineSyncPolicy.java:42)
	at com.azure.core.http.policy.UserAgentPolicy.processSync(UserAgentPolicy.java:153)
	at com.azure.core.http.HttpPipelineNextSyncPolicy.processSync(HttpPipelineNextSyncPolicy.java:41)
	at com.azure.core.http.HttpPipeline.sendSync(HttpPipeline.java:131)
	at com.azure.core.implementation.http.rest.SyncRestProxy.send(SyncRestProxy.java:55)
	at com.azure.core.implementation.http.rest.SyncRestProxy.invoke(SyncRestProxy.java:76)
	at com.azure.core.implementation.http.rest.RestProxyBase.invoke(RestProxyBase.java:110)
	at com.azure.core.http.rest.RestProxy.invoke(RestProxy.java:91)
	at jdk.proxy2/jdk.proxy2.$Proxy29.getSecretsSync(Unknown Source)
	at com.azure.security.keyvault.secrets.implementation.SecretClientImpl.getSecretsSinglePage(SecretClientImpl.java:1313)
	at com.azure.security.keyvault.secrets.SecretClient.lambda$listPropertiesOfSecrets$16(SecretClient.java:870)
	at com.azure.core.http.rest.PagedIterable.lambda$new$5(PagedIterable.java:185)
	at com.azure.core.util.paging.ContinuablePagedByIteratorBase.requestPage(ContinuablePagedByIteratorBase.java:104)
	at com.azure.core.util.paging.ContinuablePagedByPageIterable$ContinuablePagedByPageIterator.<init>(ContinuablePagedByPageIterable.java:82)
	at com.azure.core.util.paging.ContinuablePagedByPageIterable.iterator(ContinuablePagedByPageIterable.java:58)
	at java.base/java.lang.Iterable.spliterator(Iterable.java:101)
	at com.azure.spring.cloud.autoconfigure.implementation.keyvault.environment.KeyVaultOperation.lambda$refreshProperties$2(KeyVaultOperation.java:140)
	at java.base/java.util.Optional.map(Optional.java:260)
	at com.azure.spring.cloud.autoconfigure.implementation.keyvault.environment.KeyVaultOperation.refreshProperties(KeyVaultOperation.java:140)
	at com.azure.spring.cloud.autoconfigure.implementation.keyvault.environment.KeyVaultOperation.<init>(KeyVaultOperation.java:77)
	at com.azure.spring.cloud.autoconfigure.implementation.keyvault.environment.KeyVaultEnvironmentPostProcessor.buildKeyVaultPropertySource(KeyVaultEnvironmentPostProcessor.java:128)
	... 99 common frames omitted
	Suppressed: com.azure.identity.CredentialUnavailableException: EnvironmentCredential authentication unavailable. Environment variables are not fully configured.To mitigate this issue, please refer to the troubleshooting guidelines here at https://aka.ms/azsdk/java/identity/environmentcredential/troubleshoot
WorkloadIdentityCredential authentication unavailable. The workload options are not fully configured. See the troubleshooting guide for more information. https://aka.ms/azsdk/java/identity/workloadidentitycredential/troubleshoot
Managed Identity authentication is not available.
Cannot get accounts from token cache. Error: Could not load the brokered authentication library. Ensure that the azure-identity-broker library is on the classpath.
Could not load the brokered authentication library. Ensure that the azure-identity-broker library is on the classpath.
AzureCliCredential authentication unavailable. Azure CLI not installed.To mitigate this issue, please refer to the troubleshooting guidelines here at https://aka.ms/azsdk/java/identity/azclicredential/troubleshoot
Unable to execute PowerShell. Please make sure that it is installed in your system
AzureDeveloperCliCredential authentication unavailable. Azure Developer CLI not installed.To mitigate this issue, please refer to the troubleshooting guidelines here at https://aka.ms/azsdk/java/identity/azdevclicredential/troubleshootTo mitigate this issue, please refer to the troubleshooting guidelines here at https://aka.ms/azure-identity-java-default-azure-credential-troubleshoot
		at com.azure.identity.ChainedTokenCredential.getTokenSync(ChainedTokenCredential.java:143)
		at com.azure.core.implementation.AccessTokenCache.lambda$new$2(AccessTokenCache.java:62)
		at com.azure.core.implementation.AccessTokenCache.lambda$retrieveTokenSync$11(AccessTokenCache.java:223)
		at com.azure.core.implementation.AccessTokenCache.getTokenSync(AccessTokenCache.java:88)
		at com.azure.core.http.policy.BearerTokenAuthenticationPolicy.setAuthorizationHeaderHelperSync(BearerTokenAuthenticationPolicy.java:183)
		at com.azure.core.http.policy.BearerTokenAuthenticationPolicy.setAuthorizationHeaderSync(BearerTokenAuthenticationPolicy.java:169)
		at com.azure.security.keyvault.secrets.implementation.KeyVaultCredentialPolicy.authorizeRequestOnChallengeSync(KeyVaultCredentialPolicy.java:314)
		at com.azure.core.http.policy.BearerTokenAuthenticationPolicy.processSync(BearerTokenAuthenticationPolicy.java:135)
		at com.azure.core.http.HttpPipelineNextSyncPolicy.processSync(HttpPipelineNextSyncPolicy.java:41)
		at com.azure.core.http.policy.RetryPolicy.attemptSync(RetryPolicy.java:164)
		... 124 common frames omitted
	Suppressed: com.azure.identity.CredentialUnavailableException: EnvironmentCredential authentication unavailable. Environment variables are not fully configured.To mitigate this issue, please refer to the troubleshooting guidelines here at https://aka.ms/azsdk/java/identity/environmentcredential/troubleshoot
WorkloadIdentityCredential authentication unavailable. The workload options are not fully configured. See the troubleshooting guide for more information. https://aka.ms/azsdk/java/identity/workloadidentitycredential/troubleshoot
Managed Identity authentication is not available.
Cannot get accounts from token cache. Error: Could not load the brokered authentication library. Ensure that the azure-identity-broker library is on the classpath.
IntelliJ Authentication not available. Please log in with Azure Tools for IntelliJ plugin in the IDE. Fore more details refer to the troubleshooting guidelines here at https://aka.ms/azsdk/java/identity/intellijcredential/troubleshoot
AzureCliCredential authentication unavailable. Azure CLI not installed.To mitigate this issue, please refer to the troubleshooting guidelines here at https://aka.ms/azsdk/java/identity/azclicredential/troubleshoot
Unable to execute PowerShell. Please make sure that it is installed in your system
AzureDeveloperCliCredential authentication unavailable. Azure Developer CLI not installed.To mitigate this issue, please refer to the troubleshooting guidelines here at https://aka.ms/azsdk/java/identity/azdevclicredential/troubleshootTo mitigate this issue, please refer to the troubleshooting guidelines here at https://aka.ms/azure-identity-java-default-azure-credential-troubleshoot
		at com.azure.identity.ChainedTokenCredential.getTokenSync(ChainedTokenCredential.java:143)
		at com.azure.core.implementation.AccessTokenCache.lambda$new$2(AccessTokenCache.java:62)
		at com.azure.core.implementation.AccessTokenCache.lambda$retrieveTokenSync$11(AccessTokenCache.java:223)
		at com.azure.core.implementation.AccessTokenCache.getTokenSync(AccessTokenCache.java:88)
		at com.azure.core.http.policy.BearerTokenAuthenticationPolicy.setAuthorizationHeaderHelperSync(BearerTokenAuthenticationPolicy.java:183)
		at com.azure.core.http.policy.BearerTokenAuthenticationPolicy.setAuthorizationHeaderSync(BearerTokenAuthenticationPolicy.java:169)
		at com.azure.security.keyvault.secrets.implementation.KeyVaultCredentialPolicy.authorizeRequestSync(KeyVaultCredentialPolicy.java:227)
		at com.azure.core.http.policy.BearerTokenAuthenticationPolicy.processSync(BearerTokenAuthenticationPolicy.java:131)
		at com.azure.core.http.HttpPipelineNextSyncPolicy.processSync(HttpPipelineNextSyncPolicy.java:41)
		at com.azure.core.http.policy.RetryPolicy.attemptSync(RetryPolicy.java:164)
		... 125 common frames omitted
	Suppressed: com.azure.identity.CredentialUnavailableException: EnvironmentCredential authentication unavailable. Environment variables are not fully configured.To mitigate this issue, please refer to the troubleshooting guidelines here at https://aka.ms/azsdk/java/identity/environmentcredential/troubleshoot
WorkloadIdentityCredential authentication unavailable. The workload options are not fully configured. See the troubleshooting guide for more information. https://aka.ms/azsdk/java/identity/workloadidentitycredential/troubleshoot
Managed Identity authentication is not available.
Cannot get accounts from token cache. Error: Could not load the brokered authentication library. Ensure that the azure-identity-broker library is on the classpath.
IntelliJ Authentication not available. Please log in with Azure Tools for IntelliJ plugin in the IDE. Fore more details refer to the troubleshooting guidelines here at https://aka.ms/azsdk/java/identity/intellijcredential/troubleshoot
AzureCliCredential authentication unavailable. Azure CLI not installed.To mitigate this issue, please refer to the troubleshooting guidelines here at https://aka.ms/azsdk/java/identity/azclicredential/troubleshoot
Unable to execute PowerShell. Please make sure that it is installed in your system
AzureDeveloperCliCredential authentication unavailable. Azure Developer CLI not installed.To mitigate this issue, please refer to the troubleshooting guidelines here at https://aka.ms/azsdk/java/identity/azdevclicredential/troubleshootTo mitigate this issue, please refer to the troubleshooting guidelines here at https://aka.ms/azure-identity-java-default-azure-credential-troubleshoot
		at com.azure.identity.ChainedTokenCredential.getTokenSync(ChainedTokenCredential.java:143)
		at com.azure.core.implementation.AccessTokenCache.lambda$new$2(AccessTokenCache.java:62)
		at com.azure.core.implementation.AccessTokenCache.lambda$retrieveTokenSync$11(AccessTokenCache.java:223)
		at com.azure.core.implementation.AccessTokenCache.getTokenSync(AccessTokenCache.java:88)
		at com.azure.core.http.policy.BearerTokenAuthenticationPolicy.setAuthorizationHeaderHelperSync(BearerTokenAuthenticationPolicy.java:183)
		at com.azure.core.http.policy.BearerTokenAuthenticationPolicy.setAuthorizationHeaderSync(BearerTokenAuthenticationPolicy.java:169)
		at com.azure.security.keyvault.secrets.implementation.KeyVaultCredentialPolicy.authorizeRequestSync(KeyVaultCredentialPolicy.java:227)
		at com.azure.core.http.policy.BearerTokenAuthenticationPolicy.processSync(BearerTokenAuthenticationPolicy.java:131)
		at com.azure.core.http.HttpPipelineNextSyncPolicy.processSync(HttpPipelineNextSyncPolicy.java:41)
		at com.azure.core.http.policy.RetryPolicy.attemptSync(RetryPolicy.java:164)
		... 126 common frames omitted
]]></system-out>
  </testcase>
</testsuite>